CRITICAL - 2025-09-08 00:57:12 --> Undefined array key "nama_merk"
#0 E:\CODING-WORK\peminjaman_alat\app\Views\Admin\Master_barang\Index.php(49): CodeIgniter\Debug\Exceptions->errorHandler(2, 'Undefined array...', 'E:\\CODING-WORK\\...', 49)
#1 E:\CODING-WORK\peminjaman_alat\system\View\View.php(210): include('E:\\CODING-WORK\\...')
#2 E:\CODING-WORK\peminjaman_alat\system\View\View.php(213): CodeIgniter\View\View->CodeIgniter\View\{closure}()
#3 E:\CODING-WORK\peminjaman_alat\system\Common.php(1089): CodeIgniter\View\View->render('Admin/Master_ba...', Array, true)
#4 E:\CODING-WORK\peminjaman_alat\app\Controllers\Admin.php(317): view('Admin/Master_ba...', Array)
#5 E:\CODING-WORK\peminjaman_alat\system\CodeIgniter.php(832): App\Controllers\Admin->master_barang()
#6 E:\CODING-WORK\peminjaman_alat\system\CodeIgniter.php(419): CodeIgniter\CodeIgniter->runController(Object(App\Controllers\Admin))
#7 E:\CODING-WORK\peminjaman_alat\system\CodeIgniter.php(326): CodeIgniter\CodeIgniter->handleRequest(NULL, Object(Config\Cache), false)
#8 E:\CODING-WORK\peminjaman_alat\public\index.php(37): CodeIgniter\CodeIgniter->run()
#9 E:\CODING-WORK\peminjaman_alat\system\Commands\Server\rewrite.php(43): require_once('E:\\CODING-WORK\\...')
#10 {main}
ERROR - 2025-09-08 01:00:02 --> Unknown column 'master_barang.merk' in 'field list'
CRITICAL - 2025-09-08 01:00:02 --> Unknown column 'master_barang.merk' in 'field list'
#0 E:\CODING-WORK\peminjaman_alat\system\Database\MySQLi\Connection.php(292): mysqli->query('SELECT `ruangan...', 0)
#1 E:\CODING-WORK\peminjaman_alat\system\Database\BaseConnection.php(670): CodeIgniter\Database\MySQLi\Connection->execute('SELECT `ruangan...')
#2 E:\CODING-WORK\peminjaman_alat\system\Database\BaseConnection.php(598): CodeIgniter\Database\BaseConnection->simpleQuery('SELECT `ruangan...')
#3 E:\CODING-WORK\peminjaman_alat\system\Database\BaseBuilder.php(1455): CodeIgniter\Database\BaseConnection->query('SELECT `ruangan...', Array, false)
#4 E:\CODING-WORK\peminjaman_alat\system\Model.php(183): CodeIgniter\Database\BaseBuilder->get()
#5 E:\CODING-WORK\peminjaman_alat\system\BaseModel.php(584): CodeIgniter\Model->doFindAll(0, 0)
#6 E:\CODING-WORK\peminjaman_alat\app\Controllers\Admin.php(505): CodeIgniter\BaseModel->findAll()
#7 E:\CODING-WORK\peminjaman_alat\system\CodeIgniter.php(832): App\Controllers\Admin->adm_inventaris()
#8 E:\CODING-WORK\peminjaman_alat\system\CodeIgniter.php(419): CodeIgniter\CodeIgniter->runController(Object(App\Controllers\Admin))
#9 E:\CODING-WORK\peminjaman_alat\system\CodeIgniter.php(326): CodeIgniter\CodeIgniter->handleRequest(NULL, Object(Config\Cache), false)
#10 E:\CODING-WORK\peminjaman_alat\public\index.php(37): CodeIgniter\CodeIgniter->run()
#11 E:\CODING-WORK\peminjaman_alat\system\Commands\Server\rewrite.php(43): require_once('E:\\CODING-WORK\\...')
#12 {main}
ERROR - 2025-09-08 01:00:19 --> Unknown column 'master_barang.merk' in 'field list'
CRITICAL - 2025-09-08 01:00:19 --> Unknown column 'master_barang.merk' in 'field list'
#0 E:\CODING-WORK\peminjaman_alat\system\Database\MySQLi\Connection.php(292): mysqli->query('SELECT `ruangan...', 0)
#1 E:\CODING-WORK\peminjaman_alat\system\Database\BaseConnection.php(670): CodeIgniter\Database\MySQLi\Connection->execute('SELECT `ruangan...')
#2 E:\CODING-WORK\peminjaman_alat\system\Database\BaseConnection.php(598): CodeIgniter\Database\BaseConnection->simpleQuery('SELECT `ruangan...')
#3 E:\CODING-WORK\peminjaman_alat\system\Database\BaseBuilder.php(1455): CodeIgniter\Database\BaseConnection->query('SELECT `ruangan...', Array, false)
#4 E:\CODING-WORK\peminjaman_alat\system\Model.php(183): CodeIgniter\Database\BaseBuilder->get()
#5 E:\CODING-WORK\peminjaman_alat\system\BaseModel.php(584): CodeIgniter\Model->doFindAll(0, 0)
#6 E:\CODING-WORK\peminjaman_alat\app\Controllers\Admin.php(505): CodeIgniter\BaseModel->findAll()
#7 E:\CODING-WORK\peminjaman_alat\system\CodeIgniter.php(832): App\Controllers\Admin->adm_inventaris()
#8 E:\CODING-WORK\peminjaman_alat\system\CodeIgniter.php(419): CodeIgniter\CodeIgniter->runController(Object(App\Controllers\Admin))
#9 E:\CODING-WORK\peminjaman_alat\system\CodeIgniter.php(326): CodeIgniter\CodeIgniter->handleRequest(NULL, Object(Config\Cache), false)
#10 E:\CODING-WORK\peminjaman_alat\public\index.php(37): CodeIgniter\CodeIgniter->run()
#11 E:\CODING-WORK\peminjaman_alat\system\Commands\Server\rewrite.php(43): require_once('E:\\CODING-WORK\\...')
#12 {main}
CRITICAL - 2025-09-08 01:05:56 --> ucfirst(): Passing null to parameter #1 ($string) of type string is deprecated
#0 [internal function]: CodeIgniter\Debug\Exceptions->errorHandler(8192, 'ucfirst(): Pass...', 'E:\\CODING-WORK\\...', 36)
#1 E:\CODING-WORK\peminjaman_alat\app\Views\Admin\Inventaris\Tambah_barang.php(36): ucfirst(NULL)
#2 E:\CODING-WORK\peminjaman_alat\system\View\View.php(210): include('E:\\CODING-WORK\\...')
#3 E:\CODING-WORK\peminjaman_alat\system\View\View.php(213): CodeIgniter\View\View->CodeIgniter\View\{closure}()
#4 E:\CODING-WORK\peminjaman_alat\system\Common.php(1089): CodeIgniter\View\View->render('Admin/Inventari...', Array, true)
#5 E:\CODING-WORK\peminjaman_alat\app\Controllers\Admin.php(534): view('Admin/Inventari...', Array)
#6 E:\CODING-WORK\peminjaman_alat\system\CodeIgniter.php(832): App\Controllers\Admin->tambah_inv()
#7 E:\CODING-WORK\peminjaman_alat\system\CodeIgniter.php(419): CodeIgniter\CodeIgniter->runController(Object(App\Controllers\Admin))
#8 E:\CODING-WORK\peminjaman_alat\system\CodeIgniter.php(326): CodeIgniter\CodeIgniter->handleRequest(NULL, Object(Config\Cache), false)
#9 E:\CODING-WORK\peminjaman_alat\public\index.php(37): CodeIgniter\CodeIgniter->run()
#10 E:\CODING-WORK\peminjaman_alat\system\Commands\Server\rewrite.php(43): require_once('E:\\CODING-WORK\\...')
#11 {main}
CRITICAL - 2025-09-08 01:08:09 --> Undefined variable $kategori_barang
#0 E:\CODING-WORK\peminjaman_alat\app\Views\Admin\Master_barang\Tambah_barang.php(41): CodeIgniter\Debug\Exceptions->errorHandler(2, 'Undefined varia...', 'E:\\CODING-WORK\\...', 41)
#1 E:\CODING-WORK\peminjaman_alat\system\View\View.php(210): include('E:\\CODING-WORK\\...')
#2 E:\CODING-WORK\peminjaman_alat\system\View\View.php(213): CodeIgniter\View\View->CodeIgniter\View\{closure}()
#3 E:\CODING-WORK\peminjaman_alat\system\Common.php(1089): CodeIgniter\View\View->render('Admin/Master_ba...', Array, true)
#4 E:\CODING-WORK\peminjaman_alat\app\Controllers\Admin.php(339): view('Admin/Master_ba...', Array)
#5 E:\CODING-WORK\peminjaman_alat\system\CodeIgniter.php(832): App\Controllers\Admin->addBarang()
#6 E:\CODING-WORK\peminjaman_alat\system\CodeIgniter.php(419): CodeIgniter\CodeIgniter->runController(Object(App\Controllers\Admin))
#7 E:\CODING-WORK\peminjaman_alat\system\CodeIgniter.php(326): CodeIgniter\CodeIgniter->handleRequest(NULL, Object(Config\Cache), false)
#8 E:\CODING-WORK\peminjaman_alat\public\index.php(37): CodeIgniter\CodeIgniter->run()
#9 E:\CODING-WORK\peminjaman_alat\system\Commands\Server\rewrite.php(43): require_once('E:\\CODING-WORK\\...')
#10 {main}
CRITICAL - 2025-09-08 01:09:33 --> Undefined variable $kategori_barang
#0 E:\CODING-WORK\peminjaman_alat\app\Views\Admin\Master_barang\Tambah_barang.php(41): CodeIgniter\Debug\Exceptions->errorHandler(2, 'Undefined varia...', 'E:\\CODING-WORK\\...', 41)
#1 E:\CODING-WORK\peminjaman_alat\system\View\View.php(210): include('E:\\CODING-WORK\\...')
#2 E:\CODING-WORK\peminjaman_alat\system\View\View.php(213): CodeIgniter\View\View->CodeIgniter\View\{closure}()
#3 E:\CODING-WORK\peminjaman_alat\system\Common.php(1089): CodeIgniter\View\View->render('Admin/Master_ba...', Array, true)
#4 E:\CODING-WORK\peminjaman_alat\app\Controllers\Admin.php(339): view('Admin/Master_ba...', Array)
#5 E:\CODING-WORK\peminjaman_alat\system\CodeIgniter.php(832): App\Controllers\Admin->addBarang()
#6 E:\CODING-WORK\peminjaman_alat\system\CodeIgniter.php(419): CodeIgniter\CodeIgniter->runController(Object(App\Controllers\Admin))
#7 E:\CODING-WORK\peminjaman_alat\system\CodeIgniter.php(326): CodeIgniter\CodeIgniter->handleRequest(NULL, Object(Config\Cache), false)
#8 E:\CODING-WORK\peminjaman_alat\public\index.php(37): CodeIgniter\CodeIgniter->run()
#9 E:\CODING-WORK\peminjaman_alat\system\Commands\Server\rewrite.php(43): require_once('E:\\CODING-WORK\\...')
#10 {main}
CRITICAL - 2025-09-08 01:09:35 --> Undefined variable $kategori_barang
#0 E:\CODING-WORK\peminjaman_alat\app\Views\Admin\Master_barang\Tambah_barang.php(41): CodeIgniter\Debug\Exceptions->errorHandler(2, 'Undefined varia...', 'E:\\CODING-WORK\\...', 41)
#1 E:\CODING-WORK\peminjaman_alat\system\View\View.php(210): include('E:\\CODING-WORK\\...')
#2 E:\CODING-WORK\peminjaman_alat\system\View\View.php(213): CodeIgniter\View\View->CodeIgniter\View\{closure}()
#3 E:\CODING-WORK\peminjaman_alat\system\Common.php(1089): CodeIgniter\View\View->render('Admin/Master_ba...', Array, true)
#4 E:\CODING-WORK\peminjaman_alat\app\Controllers\Admin.php(339): view('Admin/Master_ba...', Array)
#5 E:\CODING-WORK\peminjaman_alat\system\CodeIgniter.php(832): App\Controllers\Admin->addBarang()
#6 E:\CODING-WORK\peminjaman_alat\system\CodeIgniter.php(419): CodeIgniter\CodeIgniter->runController(Object(App\Controllers\Admin))
#7 E:\CODING-WORK\peminjaman_alat\system\CodeIgniter.php(326): CodeIgniter\CodeIgniter->handleRequest(NULL, Object(Config\Cache), false)
#8 E:\CODING-WORK\peminjaman_alat\public\index.php(37): CodeIgniter\CodeIgniter->run()
#9 E:\CODING-WORK\peminjaman_alat\system\Commands\Server\rewrite.php(43): require_once('E:\\CODING-WORK\\...')
#10 {main}
ERROR - 2025-09-08 01:17:33 --> Unknown column 'lokasi_lama' in 'field list'
CRITICAL - 2025-09-08 01:17:33 --> Unknown column 'lokasi_lama' in 'field list'
#0 E:\CODING-WORK\peminjaman_alat\system\Database\MySQLi\Connection.php(292): mysqli->query('INSERT INTO `pe...', 0)
#1 E:\CODING-WORK\peminjaman_alat\system\Database\BaseConnection.php(670): CodeIgniter\Database\MySQLi\Connection->execute('INSERT INTO `pe...')
#2 E:\CODING-WORK\peminjaman_alat\system\Database\BaseConnection.php(598): CodeIgniter\Database\BaseConnection->simpleQuery('INSERT INTO `pe...')
#3 E:\CODING-WORK\peminjaman_alat\system\Database\BaseBuilder.php(1771): CodeIgniter\Database\BaseConnection->query('INSERT INTO `pe...', Array, false)
#4 E:\CODING-WORK\peminjaman_alat\system\Model.php(239): CodeIgniter\Database\BaseBuilder->insert()
#5 E:\CODING-WORK\peminjaman_alat\system\BaseModel.php(738): CodeIgniter\Model->doInsert(Array)
#6 E:\CODING-WORK\peminjaman_alat\system\Model.php(625): CodeIgniter\BaseModel->insert(Array, true)
#7 E:\CODING-WORK\peminjaman_alat\app\Controllers\Admin.php(421): CodeIgniter\Model->insert(Array)
#8 E:\CODING-WORK\peminjaman_alat\system\CodeIgniter.php(832): App\Controllers\Admin->saveBarang()
#9 E:\CODING-WORK\peminjaman_alat\system\CodeIgniter.php(419): CodeIgniter\CodeIgniter->runController(Object(App\Controllers\Admin))
#10 E:\CODING-WORK\peminjaman_alat\system\CodeIgniter.php(326): CodeIgniter\CodeIgniter->handleRequest(NULL, Object(Config\Cache), false)
#11 E:\CODING-WORK\peminjaman_alat\public\index.php(37): CodeIgniter\CodeIgniter->run()
#12 E:\CODING-WORK\peminjaman_alat\system\Commands\Server\rewrite.php(43): require_once('E:\\CODING-WORK\\...')
#13 {main}
CRITICAL - 2025-09-08 01:19:21 --> Undefined array key "nama_merk"
#0 E:\CODING-WORK\peminjaman_alat\app\Views\Admin\Master_barang\Index.php(49): CodeIgniter\Debug\Exceptions->errorHandler(2, 'Undefined array...', 'E:\\CODING-WORK\\...', 49)
#1 E:\CODING-WORK\peminjaman_alat\system\View\View.php(210): include('E:\\CODING-WORK\\...')
#2 E:\CODING-WORK\peminjaman_alat\system\View\View.php(213): CodeIgniter\View\View->CodeIgniter\View\{closure}()
#3 E:\CODING-WORK\peminjaman_alat\system\Common.php(1089): CodeIgniter\View\View->render('Admin/Master_ba...', Array, true)
#4 E:\CODING-WORK\peminjaman_alat\app\Controllers\Admin.php(317): view('Admin/Master_ba...', Array)
#5 E:\CODING-WORK\peminjaman_alat\system\CodeIgniter.php(832): App\Controllers\Admin->master_barang()
#6 E:\CODING-WORK\peminjaman_alat\system\CodeIgniter.php(419): CodeIgniter\CodeIgniter->runController(Object(App\Controllers\Admin))
#7 E:\CODING-WORK\peminjaman_alat\system\CodeIgniter.php(326): CodeIgniter\CodeIgniter->handleRequest(NULL, Object(Config\Cache), false)
#8 E:\CODING-WORK\peminjaman_alat\public\index.php(37): CodeIgniter\CodeIgniter->run()
#9 E:\CODING-WORK\peminjaman_alat\system\Commands\Server\rewrite.php(43): require_once('E:\\CODING-WORK\\...')
#10 {main}
ERROR - 2025-09-08 20:55:01 --> Error connecting to the database: No connection could be made because the target machine actively refused it
CRITICAL - 2025-09-08 20:55:01 --> Unable to connect to the database.
Main connection [MySQLi]: No connection could be made because the target machine actively refused it
#0 E:\CODING-WORK\peminjaman_alat\system\Database\BaseConnection.php(577): CodeIgniter\Database\BaseConnection->initialize()
#1 E:\CODING-WORK\peminjaman_alat\system\Database\BaseBuilder.php(1455): CodeIgniter\Database\BaseConnection->query('SELECT *\nFROM `...', Array, false)
#2 E:\CODING-WORK\peminjaman_alat\system\Model.php(210): CodeIgniter\Database\BaseBuilder->get()
#3 E:\CODING-WORK\peminjaman_alat\system\BaseModel.php(622): CodeIgniter\Model->doFirst()
#4 E:\CODING-WORK\peminjaman_alat\vendor\myth\auth\src\Authentication\LocalAuthenticator.php(140): CodeIgniter\BaseModel->first()
#5 E:\CODING-WORK\peminjaman_alat\vendor\myth\auth\src\Authentication\LocalAuthenticator.php(19): Myth\Auth\Authentication\LocalAuthenticator->validate(Array, true)
#6 E:\CODING-WORK\peminjaman_alat\vendor\myth\auth\src\Controllers\AuthController.php(87): Myth\Auth\Authentication\LocalAuthenticator->attempt(Array, false)
#7 E:\CODING-WORK\peminjaman_alat\system\CodeIgniter.php(832): Myth\Auth\Controllers\AuthController->attemptLogin()
#8 E:\CODING-WORK\peminjaman_alat\system\CodeIgniter.php(419): CodeIgniter\CodeIgniter->runController(Object(Myth\Auth\Controllers\AuthController))
#9 E:\CODING-WORK\peminjaman_alat\system\CodeIgniter.php(326): CodeIgniter\CodeIgniter->handleRequest(NULL, Object(Config\Cache), false)
#10 E:\CODING-WORK\peminjaman_alat\public\index.php(37): CodeIgniter\CodeIgniter->run()
#11 E:\CODING-WORK\peminjaman_alat\system\Commands\Server\rewrite.php(43): require_once('E:\\CODING-WORK\\...')
#12 {main}
