ERROR - 2025-09-20 08:24:53 --> Table 'peminjaman.ruangan' doesn't exist
CRITICAL - 2025-09-20 08:24:53 --> Table 'peminjaman.ruangan' doesn't exist
#0 C:\Users\E-RM7\Documents\GitHub\PEMINJAMAN-ALAT-LAB-SMK-N-1-SRAGI\system\Database\MySQLi\Connection.php(292): mysqli->query('SELECT `master_...', 0)
#1 C:\Users\E-RM7\Documents\GitHub\PEMINJAMAN-ALAT-LAB-SMK-N-1-SRAGI\system\Database\BaseConnection.php(670): CodeIgniter\Database\MySQLi\Connection->execute('SELECT `master_...')
#2 C:\Users\E-RM7\Documents\GitHub\PEMINJAMAN-ALAT-LAB-SMK-N-1-SRAGI\system\Database\BaseConnection.php(598): CodeIgniter\Database\BaseConnection->simpleQuery('SELECT `master_...')
#3 C:\Users\E-RM7\Documents\GitHub\PEMINJAMAN-ALAT-LAB-SMK-N-1-SRAGI\system\Database\BaseBuilder.php(1455): CodeIgniter\Database\BaseConnection->query('SELECT `master_...', Array, false)
#4 C:\Users\E-RM7\Documents\GitHub\PEMINJAMAN-ALAT-LAB-SMK-N-1-SRAGI\system\Model.php(183): CodeIgniter\Database\BaseBuilder->get()
#5 C:\Users\E-RM7\Documents\GitHub\PEMINJAMAN-ALAT-LAB-SMK-N-1-SRAGI\system\BaseModel.php(584): CodeIgniter\Model->doFindAll(0, 0)
#6 C:\Users\E-RM7\Documents\GitHub\PEMINJAMAN-ALAT-LAB-SMK-N-1-SRAGI\app\Controllers\Admin.php(666): CodeIgniter\BaseModel->findAll()
#7 C:\Users\E-RM7\Documents\GitHub\PEMINJAMAN-ALAT-LAB-SMK-N-1-SRAGI\system\CodeIgniter.php(832): App\Controllers\Admin->adm_inventaris()
#8 C:\Users\E-RM7\Documents\GitHub\PEMINJAMAN-ALAT-LAB-SMK-N-1-SRAGI\system\CodeIgniter.php(419): CodeIgniter\CodeIgniter->runController(Object(App\Controllers\Admin))
#9 C:\Users\E-RM7\Documents\GitHub\PEMINJAMAN-ALAT-LAB-SMK-N-1-SRAGI\system\CodeIgniter.php(326): CodeIgniter\CodeIgniter->handleRequest(NULL, Object(Config\Cache), false)
#10 C:\Users\E-RM7\Documents\GitHub\PEMINJAMAN-ALAT-LAB-SMK-N-1-SRAGI\public\index.php(37): CodeIgniter\CodeIgniter->run()
#11 C:\Users\E-RM7\Documents\GitHub\PEMINJAMAN-ALAT-LAB-SMK-N-1-SRAGI\system\Commands\Server\rewrite.php(43): require_once('C:\\Users\\E-RM7\\...')
#12 {main}
CRITICAL - 2025-09-20 08:49:10 --> Attempt to read property "fullname" on null
#0 C:\Users\E-RM7\Documents\GitHub\PEMINJAMAN-ALAT-LAB-SMK-N-1-SRAGI\app\Views\Admin\Templates\Topbar.php(145): CodeIgniter\Debug\Exceptions->errorHandler(2, 'Attempt to read...', 'C:\\Users\\E-RM7\\...', 145)
#1 C:\Users\E-RM7\Documents\GitHub\PEMINJAMAN-ALAT-LAB-SMK-N-1-SRAGI\system\View\View.php(210): include('C:\\Users\\E-RM7\\...')
#2 C:\Users\E-RM7\Documents\GitHub\PEMINJAMAN-ALAT-LAB-SMK-N-1-SRAGI\system\View\View.php(213): CodeIgniter\View\View->CodeIgniter\View\{closure}()
#3 C:\Users\E-RM7\Documents\GitHub\PEMINJAMAN-ALAT-LAB-SMK-N-1-SRAGI\system\View\View.php(424): CodeIgniter\View\View->render('Admin/Templates...', NULL, true)
#4 C:\Users\E-RM7\Documents\GitHub\PEMINJAMAN-ALAT-LAB-SMK-N-1-SRAGI\app\Views\Admin\Templates\Index.php(122): CodeIgniter\View\View->include('Admin/Templates...')
#5 C:\Users\E-RM7\Documents\GitHub\PEMINJAMAN-ALAT-LAB-SMK-N-1-SRAGI\system\View\View.php(210): include('C:\\Users\\E-RM7\\...')
#6 C:\Users\E-RM7\Documents\GitHub\PEMINJAMAN-ALAT-LAB-SMK-N-1-SRAGI\system\View\View.php(213): CodeIgniter\View\View->CodeIgniter\View\{closure}()
#7 C:\Users\E-RM7\Documents\GitHub\PEMINJAMAN-ALAT-LAB-SMK-N-1-SRAGI\system\View\View.php(226): CodeIgniter\View\View->render('Admin/Templates...', Array, true)
#8 C:\Users\E-RM7\Documents\GitHub\PEMINJAMAN-ALAT-LAB-SMK-N-1-SRAGI\system\Common.php(1089): CodeIgniter\View\View->render('Admin/Peminjama...', Array, true)
#9 C:\Users\E-RM7\Documents\GitHub\PEMINJAMAN-ALAT-LAB-SMK-N-1-SRAGI\app\Controllers\Admin.php(2300): view('Admin/Peminjama...', Array)
#10 C:\Users\E-RM7\Documents\GitHub\PEMINJAMAN-ALAT-LAB-SMK-N-1-SRAGI\system\CodeIgniter.php(832): App\Controllers\Admin->tambahPeminjaman()
#11 C:\Users\E-RM7\Documents\GitHub\PEMINJAMAN-ALAT-LAB-SMK-N-1-SRAGI\system\CodeIgniter.php(419): CodeIgniter\CodeIgniter->runController(Object(App\Controllers\Admin))
#12 C:\Users\E-RM7\Documents\GitHub\PEMINJAMAN-ALAT-LAB-SMK-N-1-SRAGI\system\CodeIgniter.php(326): CodeIgniter\CodeIgniter->handleRequest(NULL, Object(Config\Cache), false)
#13 C:\Users\E-RM7\Documents\GitHub\PEMINJAMAN-ALAT-LAB-SMK-N-1-SRAGI\public\index.php(37): CodeIgniter\CodeIgniter->run()
#14 C:\Users\E-RM7\Documents\GitHub\PEMINJAMAN-ALAT-LAB-SMK-N-1-SRAGI\system\Commands\Server\rewrite.php(43): require_once('C:\\Users\\E-RM7\\...')
#15 {main}
CRITICAL - 2025-09-20 08:49:14 --> Attempt to read property "fullname" on null
#0 C:\Users\E-RM7\Documents\GitHub\PEMINJAMAN-ALAT-LAB-SMK-N-1-SRAGI\app\Views\Admin\Templates\Topbar.php(145): CodeIgniter\Debug\Exceptions->errorHandler(2, 'Attempt to read...', 'C:\\Users\\E-RM7\\...', 145)
#1 C:\Users\E-RM7\Documents\GitHub\PEMINJAMAN-ALAT-LAB-SMK-N-1-SRAGI\system\View\View.php(210): include('C:\\Users\\E-RM7\\...')
#2 C:\Users\E-RM7\Documents\GitHub\PEMINJAMAN-ALAT-LAB-SMK-N-1-SRAGI\system\View\View.php(213): CodeIgniter\View\View->CodeIgniter\View\{closure}()
#3 C:\Users\E-RM7\Documents\GitHub\PEMINJAMAN-ALAT-LAB-SMK-N-1-SRAGI\system\View\View.php(424): CodeIgniter\View\View->render('Admin/Templates...', NULL, true)
#4 C:\Users\E-RM7\Documents\GitHub\PEMINJAMAN-ALAT-LAB-SMK-N-1-SRAGI\app\Views\Admin\Templates\Index.php(122): CodeIgniter\View\View->include('Admin/Templates...')
#5 C:\Users\E-RM7\Documents\GitHub\PEMINJAMAN-ALAT-LAB-SMK-N-1-SRAGI\system\View\View.php(210): include('C:\\Users\\E-RM7\\...')
#6 C:\Users\E-RM7\Documents\GitHub\PEMINJAMAN-ALAT-LAB-SMK-N-1-SRAGI\system\View\View.php(213): CodeIgniter\View\View->CodeIgniter\View\{closure}()
#7 C:\Users\E-RM7\Documents\GitHub\PEMINJAMAN-ALAT-LAB-SMK-N-1-SRAGI\system\View\View.php(226): CodeIgniter\View\View->render('Admin/Templates...', Array, true)
#8 C:\Users\E-RM7\Documents\GitHub\PEMINJAMAN-ALAT-LAB-SMK-N-1-SRAGI\system\Common.php(1089): CodeIgniter\View\View->render('Admin/Peminjama...', Array, true)
#9 C:\Users\E-RM7\Documents\GitHub\PEMINJAMAN-ALAT-LAB-SMK-N-1-SRAGI\app\Controllers\Admin.php(2300): view('Admin/Peminjama...', Array)
#10 C:\Users\E-RM7\Documents\GitHub\PEMINJAMAN-ALAT-LAB-SMK-N-1-SRAGI\system\CodeIgniter.php(832): App\Controllers\Admin->tambahPeminjaman()
#11 C:\Users\E-RM7\Documents\GitHub\PEMINJAMAN-ALAT-LAB-SMK-N-1-SRAGI\system\CodeIgniter.php(419): CodeIgniter\CodeIgniter->runController(Object(App\Controllers\Admin))
#12 C:\Users\E-RM7\Documents\GitHub\PEMINJAMAN-ALAT-LAB-SMK-N-1-SRAGI\system\CodeIgniter.php(326): CodeIgniter\CodeIgniter->handleRequest(NULL, Object(Config\Cache), false)
#13 C:\Users\E-RM7\Documents\GitHub\PEMINJAMAN-ALAT-LAB-SMK-N-1-SRAGI\public\index.php(37): CodeIgniter\CodeIgniter->run()
#14 C:\Users\E-RM7\Documents\GitHub\PEMINJAMAN-ALAT-LAB-SMK-N-1-SRAGI\system\Commands\Server\rewrite.php(43): require_once('C:\\Users\\E-RM7\\...')
#15 {main}
CRITICAL - 2025-09-20 08:49:25 --> Attempt to read property "fullname" on null
#0 C:\Users\E-RM7\Documents\GitHub\PEMINJAMAN-ALAT-LAB-SMK-N-1-SRAGI\app\Views\Admin\Templates\Topbar.php(145): CodeIgniter\Debug\Exceptions->errorHandler(2, 'Attempt to read...', 'C:\\Users\\E-RM7\\...', 145)
#1 C:\Users\E-RM7\Documents\GitHub\PEMINJAMAN-ALAT-LAB-SMK-N-1-SRAGI\system\View\View.php(210): include('C:\\Users\\E-RM7\\...')
#2 C:\Users\E-RM7\Documents\GitHub\PEMINJAMAN-ALAT-LAB-SMK-N-1-SRAGI\system\View\View.php(213): CodeIgniter\View\View->CodeIgniter\View\{closure}()
#3 C:\Users\E-RM7\Documents\GitHub\PEMINJAMAN-ALAT-LAB-SMK-N-1-SRAGI\system\View\View.php(424): CodeIgniter\View\View->render('Admin/Templates...', NULL, true)
#4 C:\Users\E-RM7\Documents\GitHub\PEMINJAMAN-ALAT-LAB-SMK-N-1-SRAGI\app\Views\Admin\Templates\Index.php(122): CodeIgniter\View\View->include('Admin/Templates...')
#5 C:\Users\E-RM7\Documents\GitHub\PEMINJAMAN-ALAT-LAB-SMK-N-1-SRAGI\system\View\View.php(210): include('C:\\Users\\E-RM7\\...')
#6 C:\Users\E-RM7\Documents\GitHub\PEMINJAMAN-ALAT-LAB-SMK-N-1-SRAGI\system\View\View.php(213): CodeIgniter\View\View->CodeIgniter\View\{closure}()
#7 C:\Users\E-RM7\Documents\GitHub\PEMINJAMAN-ALAT-LAB-SMK-N-1-SRAGI\system\View\View.php(226): CodeIgniter\View\View->render('Admin/Templates...', Array, true)
#8 C:\Users\E-RM7\Documents\GitHub\PEMINJAMAN-ALAT-LAB-SMK-N-1-SRAGI\system\Common.php(1089): CodeIgniter\View\View->render('Admin/Peminjama...', Array, true)
#9 C:\Users\E-RM7\Documents\GitHub\PEMINJAMAN-ALAT-LAB-SMK-N-1-SRAGI\app\Controllers\Admin.php(2300): view('Admin/Peminjama...', Array)
#10 C:\Users\E-RM7\Documents\GitHub\PEMINJAMAN-ALAT-LAB-SMK-N-1-SRAGI\system\CodeIgniter.php(832): App\Controllers\Admin->tambahPeminjaman()
#11 C:\Users\E-RM7\Documents\GitHub\PEMINJAMAN-ALAT-LAB-SMK-N-1-SRAGI\system\CodeIgniter.php(419): CodeIgniter\CodeIgniter->runController(Object(App\Controllers\Admin))
#12 C:\Users\E-RM7\Documents\GitHub\PEMINJAMAN-ALAT-LAB-SMK-N-1-SRAGI\system\CodeIgniter.php(326): CodeIgniter\CodeIgniter->handleRequest(NULL, Object(Config\Cache), false)
#13 C:\Users\E-RM7\Documents\GitHub\PEMINJAMAN-ALAT-LAB-SMK-N-1-SRAGI\public\index.php(37): CodeIgniter\CodeIgniter->run()
#14 C:\Users\E-RM7\Documents\GitHub\PEMINJAMAN-ALAT-LAB-SMK-N-1-SRAGI\system\Commands\Server\rewrite.php(43): require_once('C:\\Users\\E-RM7\\...')
#15 {main}
CRITICAL - 2025-09-20 08:57:01 --> Undefined variable $title
#0 C:\Users\E-RM7\Documents\GitHub\PEMINJAMAN-ALAT-LAB-SMK-N-1-SRAGI\app\Views\Admin\Templates\Index.php(12): CodeIgniter\Debug\Exceptions->errorHandler(2, 'Undefined varia...', 'C:\\Users\\E-RM7\\...', 12)
#1 C:\Users\E-RM7\Documents\GitHub\PEMINJAMAN-ALAT-LAB-SMK-N-1-SRAGI\system\View\View.php(210): include('C:\\Users\\E-RM7\\...')
#2 C:\Users\E-RM7\Documents\GitHub\PEMINJAMAN-ALAT-LAB-SMK-N-1-SRAGI\system\View\View.php(213): CodeIgniter\View\View->CodeIgniter\View\{closure}()
#3 C:\Users\E-RM7\Documents\GitHub\PEMINJAMAN-ALAT-LAB-SMK-N-1-SRAGI\system\View\View.php(226): CodeIgniter\View\View->render('Admin/Templates...', Array, true)
#4 C:\Users\E-RM7\Documents\GitHub\PEMINJAMAN-ALAT-LAB-SMK-N-1-SRAGI\system\Common.php(1089): CodeIgniter\View\View->render('Admin/Peminjama...', Array, true)
#5 C:\Users\E-RM7\Documents\GitHub\PEMINJAMAN-ALAT-LAB-SMK-N-1-SRAGI\app\Controllers\Admin.php(2252): view('Admin/Peminjama...', Array)
#6 C:\Users\E-RM7\Documents\GitHub\PEMINJAMAN-ALAT-LAB-SMK-N-1-SRAGI\system\CodeIgniter.php(832): App\Controllers\Admin->tambahPeminjaman()
#7 C:\Users\E-RM7\Documents\GitHub\PEMINJAMAN-ALAT-LAB-SMK-N-1-SRAGI\system\CodeIgniter.php(419): CodeIgniter\CodeIgniter->runController(Object(App\Controllers\Admin))
#8 C:\Users\E-RM7\Documents\GitHub\PEMINJAMAN-ALAT-LAB-SMK-N-1-SRAGI\system\CodeIgniter.php(326): CodeIgniter\CodeIgniter->handleRequest(NULL, Object(Config\Cache), false)
#9 C:\Users\E-RM7\Documents\GitHub\PEMINJAMAN-ALAT-LAB-SMK-N-1-SRAGI\public\index.php(37): CodeIgniter\CodeIgniter->run()
#10 C:\Users\E-RM7\Documents\GitHub\PEMINJAMAN-ALAT-LAB-SMK-N-1-SRAGI\system\Commands\Server\rewrite.php(43): require_once('C:\\Users\\E-RM7\\...')
#11 {main}
CRITICAL - 2025-09-20 09:07:07 --> Undefined variable $status
#0 C:\Users\E-RM7\Documents\GitHub\PEMINJAMAN-ALAT-LAB-SMK-N-1-SRAGI\app\Views\Admin\Peminjaman\Index.php(15): CodeIgniter\Debug\Exceptions->errorHandler(2, 'Undefined varia...', 'C:\\Users\\E-RM7\\...', 15)
#1 C:\Users\E-RM7\Documents\GitHub\PEMINJAMAN-ALAT-LAB-SMK-N-1-SRAGI\system\View\View.php(210): include('C:\\Users\\E-RM7\\...')
#2 C:\Users\E-RM7\Documents\GitHub\PEMINJAMAN-ALAT-LAB-SMK-N-1-SRAGI\system\View\View.php(213): CodeIgniter\View\View->CodeIgniter\View\{closure}()
#3 C:\Users\E-RM7\Documents\GitHub\PEMINJAMAN-ALAT-LAB-SMK-N-1-SRAGI\system\Common.php(1089): CodeIgniter\View\View->render('Admin/Peminjama...', Array, true)
#4 C:\Users\E-RM7\Documents\GitHub\PEMINJAMAN-ALAT-LAB-SMK-N-1-SRAGI\app\Controllers\Admin.php(2257): view('Admin/Peminjama...', Array)
#5 C:\Users\E-RM7\Documents\GitHub\PEMINJAMAN-ALAT-LAB-SMK-N-1-SRAGI\system\CodeIgniter.php(832): App\Controllers\Admin->tambahPeminjaman()
#6 C:\Users\E-RM7\Documents\GitHub\PEMINJAMAN-ALAT-LAB-SMK-N-1-SRAGI\system\CodeIgniter.php(419): CodeIgniter\CodeIgniter->runController(Object(App\Controllers\Admin))
#7 C:\Users\E-RM7\Documents\GitHub\PEMINJAMAN-ALAT-LAB-SMK-N-1-SRAGI\system\CodeIgniter.php(326): CodeIgniter\CodeIgniter->handleRequest(NULL, Object(Config\Cache), false)
#8 C:\Users\E-RM7\Documents\GitHub\PEMINJAMAN-ALAT-LAB-SMK-N-1-SRAGI\public\index.php(37): CodeIgniter\CodeIgniter->run()
#9 C:\Users\E-RM7\Documents\GitHub\PEMINJAMAN-ALAT-LAB-SMK-N-1-SRAGI\system\Commands\Server\rewrite.php(43): require_once('C:\\Users\\E-RM7\\...')
#10 {main}
CRITICAL - 2025-09-20 09:14:33 --> Undefined variable $peminjamans
#0 C:\Users\E-RM7\Documents\GitHub\PEMINJAMAN-ALAT-LAB-SMK-N-1-SRAGI\app\Views\Admin\Peminjaman\Index.php(38): CodeIgniter\Debug\Exceptions->errorHandler(2, 'Undefined varia...', 'C:\\Users\\E-RM7\\...', 38)
#1 C:\Users\E-RM7\Documents\GitHub\PEMINJAMAN-ALAT-LAB-SMK-N-1-SRAGI\system\View\View.php(210): include('C:\\Users\\E-RM7\\...')
#2 C:\Users\E-RM7\Documents\GitHub\PEMINJAMAN-ALAT-LAB-SMK-N-1-SRAGI\system\View\View.php(213): CodeIgniter\View\View->CodeIgniter\View\{closure}()
#3 C:\Users\E-RM7\Documents\GitHub\PEMINJAMAN-ALAT-LAB-SMK-N-1-SRAGI\system\Common.php(1089): CodeIgniter\View\View->render('Admin/Peminjama...', Array, true)
#4 C:\Users\E-RM7\Documents\GitHub\PEMINJAMAN-ALAT-LAB-SMK-N-1-SRAGI\app\Controllers\Admin.php(2259): view('Admin/Peminjama...', Array)
#5 C:\Users\E-RM7\Documents\GitHub\PEMINJAMAN-ALAT-LAB-SMK-N-1-SRAGI\system\CodeIgniter.php(832): App\Controllers\Admin->tambahPeminjaman()
#6 C:\Users\E-RM7\Documents\GitHub\PEMINJAMAN-ALAT-LAB-SMK-N-1-SRAGI\system\CodeIgniter.php(419): CodeIgniter\CodeIgniter->runController(Object(App\Controllers\Admin))
#7 C:\Users\E-RM7\Documents\GitHub\PEMINJAMAN-ALAT-LAB-SMK-N-1-SRAGI\system\CodeIgniter.php(326): CodeIgniter\CodeIgniter->handleRequest(NULL, Object(Config\Cache), false)
#8 C:\Users\E-RM7\Documents\GitHub\PEMINJAMAN-ALAT-LAB-SMK-N-1-SRAGI\public\index.php(37): CodeIgniter\CodeIgniter->run()
#9 C:\Users\E-RM7\Documents\GitHub\PEMINJAMAN-ALAT-LAB-SMK-N-1-SRAGI\system\Commands\Server\rewrite.php(43): require_once('C:\\Users\\E-RM7\\...')
#10 {main}
ERROR - 2025-09-20 09:20:40 --> Table 'peminjaman.merk_kategori_barang' doesn't exist
CRITICAL - 2025-09-20 09:20:40 --> Table 'peminjaman.merk_kategori_barang' doesn't exist
#0 C:\Users\E-RM7\Documents\GitHub\PEMINJAMAN-ALAT-LAB-SMK-N-1-SRAGI\system\Database\MySQLi\Connection.php(292): mysqli->query('SELECT `merk_ba...', 0)
#1 C:\Users\E-RM7\Documents\GitHub\PEMINJAMAN-ALAT-LAB-SMK-N-1-SRAGI\system\Database\BaseConnection.php(670): CodeIgniter\Database\MySQLi\Connection->execute('SELECT `merk_ba...')
#2 C:\Users\E-RM7\Documents\GitHub\PEMINJAMAN-ALAT-LAB-SMK-N-1-SRAGI\system\Database\BaseConnection.php(598): CodeIgniter\Database\BaseConnection->simpleQuery('SELECT `merk_ba...')
#3 C:\Users\E-RM7\Documents\GitHub\PEMINJAMAN-ALAT-LAB-SMK-N-1-SRAGI\system\Database\BaseBuilder.php(1455): CodeIgniter\Database\BaseConnection->query('SELECT `merk_ba...', Array, false)
#4 C:\Users\E-RM7\Documents\GitHub\PEMINJAMAN-ALAT-LAB-SMK-N-1-SRAGI\system\Model.php(183): CodeIgniter\Database\BaseBuilder->get()
#5 C:\Users\E-RM7\Documents\GitHub\PEMINJAMAN-ALAT-LAB-SMK-N-1-SRAGI\system\BaseModel.php(584): CodeIgniter\Model->doFindAll(0, 0)
#6 C:\Users\E-RM7\Documents\GitHub\PEMINJAMAN-ALAT-LAB-SMK-N-1-SRAGI\app\Controllers\Admin.php(350): CodeIgniter\BaseModel->findAll()
#7 C:\Users\E-RM7\Documents\GitHub\PEMINJAMAN-ALAT-LAB-SMK-N-1-SRAGI\system\CodeIgniter.php(832): App\Controllers\Admin->getMerkByKategori('1')
#8 C:\Users\E-RM7\Documents\GitHub\PEMINJAMAN-ALAT-LAB-SMK-N-1-SRAGI\system\CodeIgniter.php(419): CodeIgniter\CodeIgniter->runController(Object(App\Controllers\Admin))
#9 C:\Users\E-RM7\Documents\GitHub\PEMINJAMAN-ALAT-LAB-SMK-N-1-SRAGI\system\CodeIgniter.php(326): CodeIgniter\CodeIgniter->handleRequest(NULL, Object(Config\Cache), false)
#10 C:\Users\E-RM7\Documents\GitHub\PEMINJAMAN-ALAT-LAB-SMK-N-1-SRAGI\public\index.php(37): CodeIgniter\CodeIgniter->run()
#11 C:\Users\E-RM7\Documents\GitHub\PEMINJAMAN-ALAT-LAB-SMK-N-1-SRAGI\system\Commands\Server\rewrite.php(43): require_once('C:\\Users\\E-RM7\\...')
#12 {main}
CRITICAL - 2025-09-20 09:32:27 --> Undefined array key "nama_barang"
#0 C:\Users\E-RM7\Documents\GitHub\PEMINJAMAN-ALAT-LAB-SMK-N-1-SRAGI\app\Views\Admin\Peminjaman\Tambah.php(46): CodeIgniter\Debug\Exceptions->errorHandler(2, 'Undefined array...', 'C:\\Users\\E-RM7\\...', 46)
#1 C:\Users\E-RM7\Documents\GitHub\PEMINJAMAN-ALAT-LAB-SMK-N-1-SRAGI\system\View\View.php(210): include('C:\\Users\\E-RM7\\...')
#2 C:\Users\E-RM7\Documents\GitHub\PEMINJAMAN-ALAT-LAB-SMK-N-1-SRAGI\system\View\View.php(213): CodeIgniter\View\View->CodeIgniter\View\{closure}()
#3 C:\Users\E-RM7\Documents\GitHub\PEMINJAMAN-ALAT-LAB-SMK-N-1-SRAGI\system\Common.php(1089): CodeIgniter\View\View->render('Admin/Peminjama...', Array, true)
#4 C:\Users\E-RM7\Documents\GitHub\PEMINJAMAN-ALAT-LAB-SMK-N-1-SRAGI\app\Controllers\Admin.php(2259): view('Admin/Peminjama...', Array)
#5 C:\Users\E-RM7\Documents\GitHub\PEMINJAMAN-ALAT-LAB-SMK-N-1-SRAGI\system\CodeIgniter.php(832): App\Controllers\Admin->tambahPeminjaman()
#6 C:\Users\E-RM7\Documents\GitHub\PEMINJAMAN-ALAT-LAB-SMK-N-1-SRAGI\system\CodeIgniter.php(419): CodeIgniter\CodeIgniter->runController(Object(App\Controllers\Admin))
#7 C:\Users\E-RM7\Documents\GitHub\PEMINJAMAN-ALAT-LAB-SMK-N-1-SRAGI\system\CodeIgniter.php(326): CodeIgniter\CodeIgniter->handleRequest(NULL, Object(Config\Cache), false)
#8 C:\Users\E-RM7\Documents\GitHub\PEMINJAMAN-ALAT-LAB-SMK-N-1-SRAGI\public\index.php(37): CodeIgniter\CodeIgniter->run()
#9 C:\Users\E-RM7\Documents\GitHub\PEMINJAMAN-ALAT-LAB-SMK-N-1-SRAGI\system\Commands\Server\rewrite.php(43): require_once('C:\\Users\\E-RM7\\...')
#10 {main}
CRITICAL - 2025-09-20 09:32:44 --> Undefined array key "nama_ruangan"
#0 C:\Users\E-RM7\Documents\GitHub\PEMINJAMAN-ALAT-LAB-SMK-N-1-SRAGI\app\Views\Admin\Peminjaman\Tambah.php(49): CodeIgniter\Debug\Exceptions->errorHandler(2, 'Undefined array...', 'C:\\Users\\E-RM7\\...', 49)
#1 C:\Users\E-RM7\Documents\GitHub\PEMINJAMAN-ALAT-LAB-SMK-N-1-SRAGI\system\View\View.php(210): include('C:\\Users\\E-RM7\\...')
#2 C:\Users\E-RM7\Documents\GitHub\PEMINJAMAN-ALAT-LAB-SMK-N-1-SRAGI\system\View\View.php(213): CodeIgniter\View\View->CodeIgniter\View\{closure}()
#3 C:\Users\E-RM7\Documents\GitHub\PEMINJAMAN-ALAT-LAB-SMK-N-1-SRAGI\system\Common.php(1089): CodeIgniter\View\View->render('Admin/Peminjama...', Array, true)
#4 C:\Users\E-RM7\Documents\GitHub\PEMINJAMAN-ALAT-LAB-SMK-N-1-SRAGI\app\Controllers\Admin.php(2259): view('Admin/Peminjama...', Array)
#5 C:\Users\E-RM7\Documents\GitHub\PEMINJAMAN-ALAT-LAB-SMK-N-1-SRAGI\system\CodeIgniter.php(832): App\Controllers\Admin->tambahPeminjaman()
#6 C:\Users\E-RM7\Documents\GitHub\PEMINJAMAN-ALAT-LAB-SMK-N-1-SRAGI\system\CodeIgniter.php(419): CodeIgniter\CodeIgniter->runController(Object(App\Controllers\Admin))
#7 C:\Users\E-RM7\Documents\GitHub\PEMINJAMAN-ALAT-LAB-SMK-N-1-SRAGI\system\CodeIgniter.php(326): CodeIgniter\CodeIgniter->handleRequest(NULL, Object(Config\Cache), false)
#8 C:\Users\E-RM7\Documents\GitHub\PEMINJAMAN-ALAT-LAB-SMK-N-1-SRAGI\public\index.php(37): CodeIgniter\CodeIgniter->run()
#9 C:\Users\E-RM7\Documents\GitHub\PEMINJAMAN-ALAT-LAB-SMK-N-1-SRAGI\system\Commands\Server\rewrite.php(43): require_once('C:\\Users\\E-RM7\\...')
#10 {main}
CRITICAL - 2025-09-20 09:32:56 --> Undefined array key "nama_barang"
#0 C:\Users\E-RM7\Documents\GitHub\PEMINJAMAN-ALAT-LAB-SMK-N-1-SRAGI\app\Views\Admin\Peminjaman\Tambah.php(46): CodeIgniter\Debug\Exceptions->errorHandler(2, 'Undefined array...', 'C:\\Users\\E-RM7\\...', 46)
#1 C:\Users\E-RM7\Documents\GitHub\PEMINJAMAN-ALAT-LAB-SMK-N-1-SRAGI\system\View\View.php(210): include('C:\\Users\\E-RM7\\...')
#2 C:\Users\E-RM7\Documents\GitHub\PEMINJAMAN-ALAT-LAB-SMK-N-1-SRAGI\system\View\View.php(213): CodeIgniter\View\View->CodeIgniter\View\{closure}()
#3 C:\Users\E-RM7\Documents\GitHub\PEMINJAMAN-ALAT-LAB-SMK-N-1-SRAGI\system\Common.php(1089): CodeIgniter\View\View->render('Admin/Peminjama...', Array, true)
#4 C:\Users\E-RM7\Documents\GitHub\PEMINJAMAN-ALAT-LAB-SMK-N-1-SRAGI\app\Controllers\Admin.php(2259): view('Admin/Peminjama...', Array)
#5 C:\Users\E-RM7\Documents\GitHub\PEMINJAMAN-ALAT-LAB-SMK-N-1-SRAGI\system\CodeIgniter.php(832): App\Controllers\Admin->tambahPeminjaman()
#6 C:\Users\E-RM7\Documents\GitHub\PEMINJAMAN-ALAT-LAB-SMK-N-1-SRAGI\system\CodeIgniter.php(419): CodeIgniter\CodeIgniter->runController(Object(App\Controllers\Admin))
#7 C:\Users\E-RM7\Documents\GitHub\PEMINJAMAN-ALAT-LAB-SMK-N-1-SRAGI\system\CodeIgniter.php(326): CodeIgniter\CodeIgniter->handleRequest(NULL, Object(Config\Cache), false)
#8 C:\Users\E-RM7\Documents\GitHub\PEMINJAMAN-ALAT-LAB-SMK-N-1-SRAGI\public\index.php(37): CodeIgniter\CodeIgniter->run()
#9 C:\Users\E-RM7\Documents\GitHub\PEMINJAMAN-ALAT-LAB-SMK-N-1-SRAGI\system\Commands\Server\rewrite.php(43): require_once('C:\\Users\\E-RM7\\...')
#10 {main}
CRITICAL - 2025-09-20 09:38:42 --> Undefined array key "tahun_periode"
#0 C:\Users\E-RM7\Documents\GitHub\PEMINJAMAN-ALAT-LAB-SMK-N-1-SRAGI\app\Controllers\Admin.php(1349): CodeIgniter\Debug\Exceptions->errorHandler(2, 'Undefined array...', 'C:\\Users\\E-RM7\\...', 1349)
#1 C:\Users\E-RM7\Documents\GitHub\PEMINJAMAN-ALAT-LAB-SMK-N-1-SRAGI\system\CodeIgniter.php(832): App\Controllers\Admin->simpanPengadaan()
#2 C:\Users\E-RM7\Documents\GitHub\PEMINJAMAN-ALAT-LAB-SMK-N-1-SRAGI\system\CodeIgniter.php(419): CodeIgniter\CodeIgniter->runController(Object(App\Controllers\Admin))
#3 C:\Users\E-RM7\Documents\GitHub\PEMINJAMAN-ALAT-LAB-SMK-N-1-SRAGI\system\CodeIgniter.php(326): CodeIgniter\CodeIgniter->handleRequest(NULL, Object(Config\Cache), false)
#4 C:\Users\E-RM7\Documents\GitHub\PEMINJAMAN-ALAT-LAB-SMK-N-1-SRAGI\public\index.php(37): CodeIgniter\CodeIgniter->run()
#5 C:\Users\E-RM7\Documents\GitHub\PEMINJAMAN-ALAT-LAB-SMK-N-1-SRAGI\system\Commands\Server\rewrite.php(43): require_once('C:\\Users\\E-RM7\\...')
#6 {main}
ERROR - 2025-09-20 09:40:09 --> Column 'tanggal_pinjam' cannot be null
CRITICAL - 2025-09-20 09:40:09 --> Column 'tanggal_pinjam' cannot be null
#0 C:\Users\E-RM7\Documents\GitHub\PEMINJAMAN-ALAT-LAB-SMK-N-1-SRAGI\system\Database\MySQLi\Connection.php(292): mysqli->query('INSERT INTO `pe...', 0)
#1 C:\Users\E-RM7\Documents\GitHub\PEMINJAMAN-ALAT-LAB-SMK-N-1-SRAGI\system\Database\BaseConnection.php(670): CodeIgniter\Database\MySQLi\Connection->execute('INSERT INTO `pe...')
#2 C:\Users\E-RM7\Documents\GitHub\PEMINJAMAN-ALAT-LAB-SMK-N-1-SRAGI\system\Database\BaseConnection.php(598): CodeIgniter\Database\BaseConnection->simpleQuery('INSERT INTO `pe...')
#3 C:\Users\E-RM7\Documents\GitHub\PEMINJAMAN-ALAT-LAB-SMK-N-1-SRAGI\system\Database\BaseBuilder.php(1771): CodeIgniter\Database\BaseConnection->query('INSERT INTO `pe...', Array, false)
#4 C:\Users\E-RM7\Documents\GitHub\PEMINJAMAN-ALAT-LAB-SMK-N-1-SRAGI\app\Controllers\Admin.php(2294): CodeIgniter\Database\BaseBuilder->insert(Array)
#5 C:\Users\E-RM7\Documents\GitHub\PEMINJAMAN-ALAT-LAB-SMK-N-1-SRAGI\system\CodeIgniter.php(832): App\Controllers\Admin->savePeminjaman()
#6 C:\Users\E-RM7\Documents\GitHub\PEMINJAMAN-ALAT-LAB-SMK-N-1-SRAGI\system\CodeIgniter.php(419): CodeIgniter\CodeIgniter->runController(Object(App\Controllers\Admin))
#7 C:\Users\E-RM7\Documents\GitHub\PEMINJAMAN-ALAT-LAB-SMK-N-1-SRAGI\system\CodeIgniter.php(326): CodeIgniter\CodeIgniter->handleRequest(NULL, Object(Config\Cache), false)
#8 C:\Users\E-RM7\Documents\GitHub\PEMINJAMAN-ALAT-LAB-SMK-N-1-SRAGI\public\index.php(37): CodeIgniter\CodeIgniter->run()
#9 C:\Users\E-RM7\Documents\GitHub\PEMINJAMAN-ALAT-LAB-SMK-N-1-SRAGI\system\Commands\Server\rewrite.php(43): require_once('C:\\Users\\E-RM7\\...')
#10 {main}
ERROR - 2025-09-20 09:43:18 --> Unknown column 'status' in 'field list'
CRITICAL - 2025-09-20 09:43:18 --> Unknown column 'status' in 'field list'
#0 C:\Users\E-RM7\Documents\GitHub\PEMINJAMAN-ALAT-LAB-SMK-N-1-SRAGI\system\Database\MySQLi\Connection.php(292): mysqli->query('INSERT INTO `pe...', 0)
#1 C:\Users\E-RM7\Documents\GitHub\PEMINJAMAN-ALAT-LAB-SMK-N-1-SRAGI\system\Database\BaseConnection.php(670): CodeIgniter\Database\MySQLi\Connection->execute('INSERT INTO `pe...')
#2 C:\Users\E-RM7\Documents\GitHub\PEMINJAMAN-ALAT-LAB-SMK-N-1-SRAGI\system\Database\BaseConnection.php(598): CodeIgniter\Database\BaseConnection->simpleQuery('INSERT INTO `pe...')
#3 C:\Users\E-RM7\Documents\GitHub\PEMINJAMAN-ALAT-LAB-SMK-N-1-SRAGI\system\Database\BaseBuilder.php(1771): CodeIgniter\Database\BaseConnection->query('INSERT INTO `pe...', Array, false)
#4 C:\Users\E-RM7\Documents\GitHub\PEMINJAMAN-ALAT-LAB-SMK-N-1-SRAGI\app\Controllers\Admin.php(2311): CodeIgniter\Database\BaseBuilder->insert(Array)
#5 C:\Users\E-RM7\Documents\GitHub\PEMINJAMAN-ALAT-LAB-SMK-N-1-SRAGI\system\CodeIgniter.php(832): App\Controllers\Admin->savePeminjaman()
#6 C:\Users\E-RM7\Documents\GitHub\PEMINJAMAN-ALAT-LAB-SMK-N-1-SRAGI\system\CodeIgniter.php(419): CodeIgniter\CodeIgniter->runController(Object(App\Controllers\Admin))
#7 C:\Users\E-RM7\Documents\GitHub\PEMINJAMAN-ALAT-LAB-SMK-N-1-SRAGI\system\CodeIgniter.php(326): CodeIgniter\CodeIgniter->handleRequest(NULL, Object(Config\Cache), false)
#8 C:\Users\E-RM7\Documents\GitHub\PEMINJAMAN-ALAT-LAB-SMK-N-1-SRAGI\public\index.php(37): CodeIgniter\CodeIgniter->run()
#9 C:\Users\E-RM7\Documents\GitHub\PEMINJAMAN-ALAT-LAB-SMK-N-1-SRAGI\system\Commands\Server\rewrite.php(43): require_once('C:\\Users\\E-RM7\\...')
#10 {main}
ERROR - 2025-09-20 09:45:35 --> Column 'detail' cannot be null
CRITICAL - 2025-09-20 09:45:35 --> Column 'detail' cannot be null
#0 C:\Users\E-RM7\Documents\GitHub\PEMINJAMAN-ALAT-LAB-SMK-N-1-SRAGI\system\Database\MySQLi\Connection.php(292): mysqli->query('INSERT INTO `pe...', 0)
#1 C:\Users\E-RM7\Documents\GitHub\PEMINJAMAN-ALAT-LAB-SMK-N-1-SRAGI\system\Database\BaseConnection.php(670): CodeIgniter\Database\MySQLi\Connection->execute('INSERT INTO `pe...')
#2 C:\Users\E-RM7\Documents\GitHub\PEMINJAMAN-ALAT-LAB-SMK-N-1-SRAGI\system\Database\BaseConnection.php(598): CodeIgniter\Database\BaseConnection->simpleQuery('INSERT INTO `pe...')
#3 C:\Users\E-RM7\Documents\GitHub\PEMINJAMAN-ALAT-LAB-SMK-N-1-SRAGI\system\Database\BaseBuilder.php(1771): CodeIgniter\Database\BaseConnection->query('INSERT INTO `pe...', Array, false)
#4 C:\Users\E-RM7\Documents\GitHub\PEMINJAMAN-ALAT-LAB-SMK-N-1-SRAGI\app\Controllers\Admin.php(2309): CodeIgniter\Database\BaseBuilder->insert(Array)
#5 C:\Users\E-RM7\Documents\GitHub\PEMINJAMAN-ALAT-LAB-SMK-N-1-SRAGI\system\CodeIgniter.php(832): App\Controllers\Admin->savePeminjaman()
#6 C:\Users\E-RM7\Documents\GitHub\PEMINJAMAN-ALAT-LAB-SMK-N-1-SRAGI\system\CodeIgniter.php(419): CodeIgniter\CodeIgniter->runController(Object(App\Controllers\Admin))
#7 C:\Users\E-RM7\Documents\GitHub\PEMINJAMAN-ALAT-LAB-SMK-N-1-SRAGI\system\CodeIgniter.php(326): CodeIgniter\CodeIgniter->handleRequest(NULL, Object(Config\Cache), false)
#8 C:\Users\E-RM7\Documents\GitHub\PEMINJAMAN-ALAT-LAB-SMK-N-1-SRAGI\public\index.php(37): CodeIgniter\CodeIgniter->run()
#9 C:\Users\E-RM7\Documents\GitHub\PEMINJAMAN-ALAT-LAB-SMK-N-1-SRAGI\system\Commands\Server\rewrite.php(43): require_once('C:\\Users\\E-RM7\\...')
#10 {main}
CRITICAL - 2025-09-20 09:46:02 --> Undefined array key "lokasi"
#0 C:\Users\E-RM7\Documents\GitHub\PEMINJAMAN-ALAT-LAB-SMK-N-1-SRAGI\app\Controllers\Admin.php(2316): CodeIgniter\Debug\Exceptions->errorHandler(2, 'Undefined array...', 'C:\\Users\\E-RM7\\...', 2316)
#1 C:\Users\E-RM7\Documents\GitHub\PEMINJAMAN-ALAT-LAB-SMK-N-1-SRAGI\system\CodeIgniter.php(832): App\Controllers\Admin->savePeminjaman()
#2 C:\Users\E-RM7\Documents\GitHub\PEMINJAMAN-ALAT-LAB-SMK-N-1-SRAGI\system\CodeIgniter.php(419): CodeIgniter\CodeIgniter->runController(Object(App\Controllers\Admin))
#3 C:\Users\E-RM7\Documents\GitHub\PEMINJAMAN-ALAT-LAB-SMK-N-1-SRAGI\system\CodeIgniter.php(326): CodeIgniter\CodeIgniter->handleRequest(NULL, Object(Config\Cache), false)
#4 C:\Users\E-RM7\Documents\GitHub\PEMINJAMAN-ALAT-LAB-SMK-N-1-SRAGI\public\index.php(37): CodeIgniter\CodeIgniter->run()
#5 C:\Users\E-RM7\Documents\GitHub\PEMINJAMAN-ALAT-LAB-SMK-N-1-SRAGI\system\Commands\Server\rewrite.php(43): require_once('C:\\Users\\E-RM7\\...')
#6 {main}
ERROR - 2025-09-20 13:44:28 --> Cannot add or update a child row: a foreign key constraint fails (`peminjaman`.`peminjaman_header`, CONSTRAINT `fk_header_ruangan_sebelum` FOREIGN KEY (`ruangan_id_sebelum`) REFERENCES `ruangan` (`id`))
CRITICAL - 2025-09-20 13:44:28 --> Cannot add or update a child row: a foreign key constraint fails (`peminjaman`.`peminjaman_header`, CONSTRAINT `fk_header_ruangan_sebelum` FOREIGN KEY (`ruangan_id_sebelum`) REFERENCES `ruangan` (`id`))
#0 C:\Users\E-RM7\Documents\GitHub\PEMINJAMAN-ALAT-LAB-SMK-N-1-SRAGI\system\Database\MySQLi\Connection.php(292): mysqli->query('INSERT INTO `pe...', 0)
#1 C:\Users\E-RM7\Documents\GitHub\PEMINJAMAN-ALAT-LAB-SMK-N-1-SRAGI\system\Database\BaseConnection.php(670): CodeIgniter\Database\MySQLi\Connection->execute('INSERT INTO `pe...')
#2 C:\Users\E-RM7\Documents\GitHub\PEMINJAMAN-ALAT-LAB-SMK-N-1-SRAGI\system\Database\BaseConnection.php(598): CodeIgniter\Database\BaseConnection->simpleQuery('INSERT INTO `pe...')
#3 C:\Users\E-RM7\Documents\GitHub\PEMINJAMAN-ALAT-LAB-SMK-N-1-SRAGI\system\Database\BaseBuilder.php(1771): CodeIgniter\Database\BaseConnection->query('INSERT INTO `pe...', Array, false)
#4 C:\Users\E-RM7\Documents\GitHub\PEMINJAMAN-ALAT-LAB-SMK-N-1-SRAGI\app\Controllers\Admin.php(2363): CodeIgniter\Database\BaseBuilder->insert(Array)
#5 C:\Users\E-RM7\Documents\GitHub\PEMINJAMAN-ALAT-LAB-SMK-N-1-SRAGI\system\CodeIgniter.php(832): App\Controllers\Admin->savePeminjaman()
#6 C:\Users\E-RM7\Documents\GitHub\PEMINJAMAN-ALAT-LAB-SMK-N-1-SRAGI\system\CodeIgniter.php(419): CodeIgniter\CodeIgniter->runController(Object(App\Controllers\Admin))
#7 C:\Users\E-RM7\Documents\GitHub\PEMINJAMAN-ALAT-LAB-SMK-N-1-SRAGI\system\CodeIgniter.php(326): CodeIgniter\CodeIgniter->handleRequest(NULL, Object(Config\Cache), false)
#8 C:\Users\E-RM7\Documents\GitHub\PEMINJAMAN-ALAT-LAB-SMK-N-1-SRAGI\public\index.php(37): CodeIgniter\CodeIgniter->run()
#9 C:\Users\E-RM7\Documents\GitHub\PEMINJAMAN-ALAT-LAB-SMK-N-1-SRAGI\system\Commands\Server\rewrite.php(43): require_once('C:\\Users\\E-RM7\\...')
#10 {main}
ERROR - 2025-09-20 13:45:45 --> Cannot add or update a child row: a foreign key constraint fails (`peminjaman`.`peminjaman_header`, CONSTRAINT `fk_header_ruangan_sebelum` FOREIGN KEY (`ruangan_id_sebelum`) REFERENCES `ruangan` (`id`))
CRITICAL - 2025-09-20 13:45:45 --> Cannot add or update a child row: a foreign key constraint fails (`peminjaman`.`peminjaman_header`, CONSTRAINT `fk_header_ruangan_sebelum` FOREIGN KEY (`ruangan_id_sebelum`) REFERENCES `ruangan` (`id`))
#0 C:\Users\E-RM7\Documents\GitHub\PEMINJAMAN-ALAT-LAB-SMK-N-1-SRAGI\system\Database\MySQLi\Connection.php(292): mysqli->query('INSERT INTO `pe...', 0)
#1 C:\Users\E-RM7\Documents\GitHub\PEMINJAMAN-ALAT-LAB-SMK-N-1-SRAGI\system\Database\BaseConnection.php(670): CodeIgniter\Database\MySQLi\Connection->execute('INSERT INTO `pe...')
#2 C:\Users\E-RM7\Documents\GitHub\PEMINJAMAN-ALAT-LAB-SMK-N-1-SRAGI\system\Database\BaseConnection.php(598): CodeIgniter\Database\BaseConnection->simpleQuery('INSERT INTO `pe...')
#3 C:\Users\E-RM7\Documents\GitHub\PEMINJAMAN-ALAT-LAB-SMK-N-1-SRAGI\system\Database\BaseBuilder.php(1771): CodeIgniter\Database\BaseConnection->query('INSERT INTO `pe...', Array, false)
#4 C:\Users\E-RM7\Documents\GitHub\PEMINJAMAN-ALAT-LAB-SMK-N-1-SRAGI\app\Controllers\Admin.php(2363): CodeIgniter\Database\BaseBuilder->insert(Array)
#5 C:\Users\E-RM7\Documents\GitHub\PEMINJAMAN-ALAT-LAB-SMK-N-1-SRAGI\system\CodeIgniter.php(832): App\Controllers\Admin->savePeminjaman()
#6 C:\Users\E-RM7\Documents\GitHub\PEMINJAMAN-ALAT-LAB-SMK-N-1-SRAGI\system\CodeIgniter.php(419): CodeIgniter\CodeIgniter->runController(Object(App\Controllers\Admin))
#7 C:\Users\E-RM7\Documents\GitHub\PEMINJAMAN-ALAT-LAB-SMK-N-1-SRAGI\system\CodeIgniter.php(326): CodeIgniter\CodeIgniter->handleRequest(NULL, Object(Config\Cache), false)
#8 C:\Users\E-RM7\Documents\GitHub\PEMINJAMAN-ALAT-LAB-SMK-N-1-SRAGI\public\index.php(37): CodeIgniter\CodeIgniter->run()
#9 C:\Users\E-RM7\Documents\GitHub\PEMINJAMAN-ALAT-LAB-SMK-N-1-SRAGI\system\Commands\Server\rewrite.php(43): require_once('C:\\Users\\E-RM7\\...')
#10 {main}
CRITICAL - 2025-09-20 19:33:55 --> Undefined array key "lokasi"
#0 E:\CODING-WORK\peminjaman_alat\app\Views\Admin\Master_barang\Detail_brg.php(71): CodeIgniter\Debug\Exceptions->errorHandler(2, 'Undefined array...', 'E:\\CODING-WORK\\...', 71)
#1 E:\CODING-WORK\peminjaman_alat\system\View\View.php(210): include('E:\\CODING-WORK\\...')
#2 E:\CODING-WORK\peminjaman_alat\system\View\View.php(213): CodeIgniter\View\View->CodeIgniter\View\{closure}()
#3 E:\CODING-WORK\peminjaman_alat\system\Common.php(1089): CodeIgniter\View\View->render('Admin/Master_ba...', Array, true)
#4 E:\CODING-WORK\peminjaman_alat\app\Controllers\Admin.php(519): view('Admin/Master_ba...', Array)
#5 E:\CODING-WORK\peminjaman_alat\system\CodeIgniter.php(832): App\Controllers\Admin->detail_master_brg('LEN-20250919-71...')
#6 E:\CODING-WORK\peminjaman_alat\system\CodeIgniter.php(419): CodeIgniter\CodeIgniter->runController(Object(App\Controllers\Admin))
#7 E:\CODING-WORK\peminjaman_alat\system\CodeIgniter.php(326): CodeIgniter\CodeIgniter->handleRequest(NULL, Object(Config\Cache), false)
#8 E:\CODING-WORK\peminjaman_alat\public\index.php(37): CodeIgniter\CodeIgniter->run()
#9 E:\CODING-WORK\peminjaman_alat\system\Commands\Server\rewrite.php(43): require_once('E:\\CODING-WORK\\...')
#10 {main}
ERROR - 2025-09-20 19:45:39 --> Table 'peminjaman-alat-tkj.user' doesn't exist
CRITICAL - 2025-09-20 19:45:39 --> Table 'peminjaman-alat-tkj.user' doesn't exist
#0 E:\CODING-WORK\peminjaman_alat\system\Database\MySQLi\Connection.php(292): mysqli->query('SELECT `ph`.*, ...', 0)
#1 E:\CODING-WORK\peminjaman_alat\system\Database\BaseConnection.php(670): CodeIgniter\Database\MySQLi\Connection->execute('SELECT `ph`.*, ...')
#2 E:\CODING-WORK\peminjaman_alat\system\Database\BaseConnection.php(598): CodeIgniter\Database\BaseConnection->simpleQuery('SELECT `ph`.*, ...')
#3 E:\CODING-WORK\peminjaman_alat\system\Database\BaseBuilder.php(1455): CodeIgniter\Database\BaseConnection->query('SELECT `ph`.*, ...', Array, false)
#4 E:\CODING-WORK\peminjaman_alat\app\Controllers\Admin.php(2463): CodeIgniter\Database\BaseBuilder->get()
#5 E:\CODING-WORK\peminjaman_alat\system\CodeIgniter.php(832): App\Controllers\Admin->detailPeminjaman('1')
#6 E:\CODING-WORK\peminjaman_alat\system\CodeIgniter.php(419): CodeIgniter\CodeIgniter->runController(Object(App\Controllers\Admin))
#7 E:\CODING-WORK\peminjaman_alat\system\CodeIgniter.php(326): CodeIgniter\CodeIgniter->handleRequest(NULL, Object(Config\Cache), false)
#8 E:\CODING-WORK\peminjaman_alat\public\index.php(37): CodeIgniter\CodeIgniter->run()
#9 E:\CODING-WORK\peminjaman_alat\system\Commands\Server\rewrite.php(43): require_once('E:\\CODING-WORK\\...')
#10 {main}
ERROR - 2025-09-20 19:46:06 --> Unknown column 'u.nama_lengkap' in 'field list'
CRITICAL - 2025-09-20 19:46:06 --> Unknown column 'u.nama_lengkap' in 'field list'
#0 E:\CODING-WORK\peminjaman_alat\system\Database\MySQLi\Connection.php(292): mysqli->query('SELECT `ph`.*, ...', 0)
#1 E:\CODING-WORK\peminjaman_alat\system\Database\BaseConnection.php(670): CodeIgniter\Database\MySQLi\Connection->execute('SELECT `ph`.*, ...')
#2 E:\CODING-WORK\peminjaman_alat\system\Database\BaseConnection.php(598): CodeIgniter\Database\BaseConnection->simpleQuery('SELECT `ph`.*, ...')
#3 E:\CODING-WORK\peminjaman_alat\system\Database\BaseBuilder.php(1455): CodeIgniter\Database\BaseConnection->query('SELECT `ph`.*, ...', Array, false)
#4 E:\CODING-WORK\peminjaman_alat\app\Controllers\Admin.php(2463): CodeIgniter\Database\BaseBuilder->get()
#5 E:\CODING-WORK\peminjaman_alat\system\CodeIgniter.php(832): App\Controllers\Admin->detailPeminjaman('1')
#6 E:\CODING-WORK\peminjaman_alat\system\CodeIgniter.php(419): CodeIgniter\CodeIgniter->runController(Object(App\Controllers\Admin))
#7 E:\CODING-WORK\peminjaman_alat\system\CodeIgniter.php(326): CodeIgniter\CodeIgniter->handleRequest(NULL, Object(Config\Cache), false)
#8 E:\CODING-WORK\peminjaman_alat\public\index.php(37): CodeIgniter\CodeIgniter->run()
#9 E:\CODING-WORK\peminjaman_alat\system\Commands\Server\rewrite.php(43): require_once('E:\\CODING-WORK\\...')
#10 {main}
ERROR - 2025-09-20 19:46:24 --> Unknown column 'ph.id' in 'where clause'
CRITICAL - 2025-09-20 19:46:24 --> Unknown column 'ph.id' in 'where clause'
#0 E:\CODING-WORK\peminjaman_alat\system\Database\MySQLi\Connection.php(292): mysqli->query('SELECT `ph`.*, ...', 0)
#1 E:\CODING-WORK\peminjaman_alat\system\Database\BaseConnection.php(670): CodeIgniter\Database\MySQLi\Connection->execute('SELECT `ph`.*, ...')
#2 E:\CODING-WORK\peminjaman_alat\system\Database\BaseConnection.php(598): CodeIgniter\Database\BaseConnection->simpleQuery('SELECT `ph`.*, ...')
#3 E:\CODING-WORK\peminjaman_alat\system\Database\BaseBuilder.php(1455): CodeIgniter\Database\BaseConnection->query('SELECT `ph`.*, ...', Array, false)
#4 E:\CODING-WORK\peminjaman_alat\app\Controllers\Admin.php(2463): CodeIgniter\Database\BaseBuilder->get()
#5 E:\CODING-WORK\peminjaman_alat\system\CodeIgniter.php(832): App\Controllers\Admin->detailPeminjaman('1')
#6 E:\CODING-WORK\peminjaman_alat\system\CodeIgniter.php(419): CodeIgniter\CodeIgniter->runController(Object(App\Controllers\Admin))
#7 E:\CODING-WORK\peminjaman_alat\system\CodeIgniter.php(326): CodeIgniter\CodeIgniter->handleRequest(NULL, Object(Config\Cache), false)
#8 E:\CODING-WORK\peminjaman_alat\public\index.php(37): CodeIgniter\CodeIgniter->run()
#9 E:\CODING-WORK\peminjaman_alat\system\Commands\Server\rewrite.php(43): require_once('E:\\CODING-WORK\\...')
#10 {main}
ERROR - 2025-09-20 19:47:12 --> Unknown column 'ph.id' in 'where clause'
CRITICAL - 2025-09-20 19:47:12 --> Unknown column 'ph.id' in 'where clause'
#0 E:\CODING-WORK\peminjaman_alat\system\Database\MySQLi\Connection.php(292): mysqli->query('SELECT `ph`.*, ...', 0)
#1 E:\CODING-WORK\peminjaman_alat\system\Database\BaseConnection.php(670): CodeIgniter\Database\MySQLi\Connection->execute('SELECT `ph`.*, ...')
#2 E:\CODING-WORK\peminjaman_alat\system\Database\BaseConnection.php(598): CodeIgniter\Database\BaseConnection->simpleQuery('SELECT `ph`.*, ...')
#3 E:\CODING-WORK\peminjaman_alat\system\Database\BaseBuilder.php(1455): CodeIgniter\Database\BaseConnection->query('SELECT `ph`.*, ...', Array, false)
#4 E:\CODING-WORK\peminjaman_alat\app\Controllers\Admin.php(2463): CodeIgniter\Database\BaseBuilder->get()
#5 E:\CODING-WORK\peminjaman_alat\system\CodeIgniter.php(832): App\Controllers\Admin->detailPeminjaman('1')
#6 E:\CODING-WORK\peminjaman_alat\system\CodeIgniter.php(419): CodeIgniter\CodeIgniter->runController(Object(App\Controllers\Admin))
#7 E:\CODING-WORK\peminjaman_alat\system\CodeIgniter.php(326): CodeIgniter\CodeIgniter->handleRequest(NULL, Object(Config\Cache), false)
#8 E:\CODING-WORK\peminjaman_alat\public\index.php(37): CodeIgniter\CodeIgniter->run()
#9 E:\CODING-WORK\peminjaman_alat\system\Commands\Server\rewrite.php(43): require_once('E:\\CODING-WORK\\...')
#10 {main}
ERROR - 2025-09-20 19:47:35 --> Table 'peminjaman-alat-tkj.user' doesn't exist
CRITICAL - 2025-09-20 19:47:35 --> Table 'peminjaman-alat-tkj.user' doesn't exist
#0 E:\CODING-WORK\peminjaman_alat\system\Database\MySQLi\Connection.php(292): mysqli->query('SELECT `ph`.*, ...', 0)
#1 E:\CODING-WORK\peminjaman_alat\system\Database\BaseConnection.php(670): CodeIgniter\Database\MySQLi\Connection->execute('SELECT `ph`.*, ...')
#2 E:\CODING-WORK\peminjaman_alat\system\Database\BaseConnection.php(598): CodeIgniter\Database\BaseConnection->simpleQuery('SELECT `ph`.*, ...')
#3 E:\CODING-WORK\peminjaman_alat\system\Database\BaseBuilder.php(1455): CodeIgniter\Database\BaseConnection->query('SELECT `ph`.*, ...', Array, false)
#4 E:\CODING-WORK\peminjaman_alat\app\Controllers\Admin.php(2463): CodeIgniter\Database\BaseBuilder->get()
#5 E:\CODING-WORK\peminjaman_alat\system\CodeIgniter.php(832): App\Controllers\Admin->detailPeminjaman('1')
#6 E:\CODING-WORK\peminjaman_alat\system\CodeIgniter.php(419): CodeIgniter\CodeIgniter->runController(Object(App\Controllers\Admin))
#7 E:\CODING-WORK\peminjaman_alat\system\CodeIgniter.php(326): CodeIgniter\CodeIgniter->handleRequest(NULL, Object(Config\Cache), false)
#8 E:\CODING-WORK\peminjaman_alat\public\index.php(37): CodeIgniter\CodeIgniter->run()
#9 E:\CODING-WORK\peminjaman_alat\system\Commands\Server\rewrite.php(43): require_once('E:\\CODING-WORK\\...')
#10 {main}
ERROR - 2025-09-20 19:47:43 --> Unknown column 'peminjaman_header.id' in 'where clause'
CRITICAL - 2025-09-20 19:47:43 --> Unknown column 'peminjaman_header.id' in 'where clause'
#0 E:\CODING-WORK\peminjaman_alat\system\Database\MySQLi\Connection.php(292): mysqli->query('SELECT `ph`.*, ...', 0)
#1 E:\CODING-WORK\peminjaman_alat\system\Database\BaseConnection.php(670): CodeIgniter\Database\MySQLi\Connection->execute('SELECT `ph`.*, ...')
#2 E:\CODING-WORK\peminjaman_alat\system\Database\BaseConnection.php(598): CodeIgniter\Database\BaseConnection->simpleQuery('SELECT `ph`.*, ...')
#3 E:\CODING-WORK\peminjaman_alat\system\Database\BaseBuilder.php(1455): CodeIgniter\Database\BaseConnection->query('SELECT `ph`.*, ...', Array, false)
#4 E:\CODING-WORK\peminjaman_alat\app\Controllers\Admin.php(2463): CodeIgniter\Database\BaseBuilder->get()
#5 E:\CODING-WORK\peminjaman_alat\system\CodeIgniter.php(832): App\Controllers\Admin->detailPeminjaman('1')
#6 E:\CODING-WORK\peminjaman_alat\system\CodeIgniter.php(419): CodeIgniter\CodeIgniter->runController(Object(App\Controllers\Admin))
#7 E:\CODING-WORK\peminjaman_alat\system\CodeIgniter.php(326): CodeIgniter\CodeIgniter->handleRequest(NULL, Object(Config\Cache), false)
#8 E:\CODING-WORK\peminjaman_alat\public\index.php(37): CodeIgniter\CodeIgniter->run()
#9 E:\CODING-WORK\peminjaman_alat\system\Commands\Server\rewrite.php(43): require_once('E:\\CODING-WORK\\...')
#10 {main}
ERROR - 2025-09-20 19:48:03 --> Unknown column 'peminjaman_header.peminjaman_id' in 'where clause'
CRITICAL - 2025-09-20 19:48:03 --> Unknown column 'peminjaman_header.peminjaman_id' in 'where clause'
#0 E:\CODING-WORK\peminjaman_alat\system\Database\MySQLi\Connection.php(292): mysqli->query('SELECT `ph`.*, ...', 0)
#1 E:\CODING-WORK\peminjaman_alat\system\Database\BaseConnection.php(670): CodeIgniter\Database\MySQLi\Connection->execute('SELECT `ph`.*, ...')
#2 E:\CODING-WORK\peminjaman_alat\system\Database\BaseConnection.php(598): CodeIgniter\Database\BaseConnection->simpleQuery('SELECT `ph`.*, ...')
#3 E:\CODING-WORK\peminjaman_alat\system\Database\BaseBuilder.php(1455): CodeIgniter\Database\BaseConnection->query('SELECT `ph`.*, ...', Array, false)
#4 E:\CODING-WORK\peminjaman_alat\app\Controllers\Admin.php(2463): CodeIgniter\Database\BaseBuilder->get()
#5 E:\CODING-WORK\peminjaman_alat\system\CodeIgniter.php(832): App\Controllers\Admin->detailPeminjaman('1')
#6 E:\CODING-WORK\peminjaman_alat\system\CodeIgniter.php(419): CodeIgniter\CodeIgniter->runController(Object(App\Controllers\Admin))
#7 E:\CODING-WORK\peminjaman_alat\system\CodeIgniter.php(326): CodeIgniter\CodeIgniter->handleRequest(NULL, Object(Config\Cache), false)
#8 E:\CODING-WORK\peminjaman_alat\public\index.php(37): CodeIgniter\CodeIgniter->run()
#9 E:\CODING-WORK\peminjaman_alat\system\Commands\Server\rewrite.php(43): require_once('E:\\CODING-WORK\\...')
#10 {main}
ERROR - 2025-09-20 19:48:43 --> Unknown column 'peminjaman_header.peminjaman_id' in 'where clause'
CRITICAL - 2025-09-20 19:48:43 --> Unknown column 'peminjaman_header.peminjaman_id' in 'where clause'
#0 E:\CODING-WORK\peminjaman_alat\system\Database\MySQLi\Connection.php(292): mysqli->query('SELECT `ph`.*, ...', 0)
#1 E:\CODING-WORK\peminjaman_alat\system\Database\BaseConnection.php(670): CodeIgniter\Database\MySQLi\Connection->execute('SELECT `ph`.*, ...')
#2 E:\CODING-WORK\peminjaman_alat\system\Database\BaseConnection.php(598): CodeIgniter\Database\BaseConnection->simpleQuery('SELECT `ph`.*, ...')
#3 E:\CODING-WORK\peminjaman_alat\system\Database\BaseBuilder.php(1455): CodeIgniter\Database\BaseConnection->query('SELECT `ph`.*, ...', Array, false)
#4 E:\CODING-WORK\peminjaman_alat\app\Controllers\Admin.php(2463): CodeIgniter\Database\BaseBuilder->get()
#5 E:\CODING-WORK\peminjaman_alat\system\CodeIgniter.php(832): App\Controllers\Admin->detailPeminjaman('1')
#6 E:\CODING-WORK\peminjaman_alat\system\CodeIgniter.php(419): CodeIgniter\CodeIgniter->runController(Object(App\Controllers\Admin))
#7 E:\CODING-WORK\peminjaman_alat\system\CodeIgniter.php(326): CodeIgniter\CodeIgniter->handleRequest(NULL, Object(Config\Cache), false)
#8 E:\CODING-WORK\peminjaman_alat\public\index.php(37): CodeIgniter\CodeIgniter->run()
#9 E:\CODING-WORK\peminjaman_alat\system\Commands\Server\rewrite.php(43): require_once('E:\\CODING-WORK\\...')
#10 {main}
ERROR - 2025-09-20 19:48:44 --> Unknown column 'peminjaman_header.peminjaman_id' in 'where clause'
CRITICAL - 2025-09-20 19:48:44 --> Unknown column 'peminjaman_header.peminjaman_id' in 'where clause'
#0 E:\CODING-WORK\peminjaman_alat\system\Database\MySQLi\Connection.php(292): mysqli->query('SELECT `ph`.*, ...', 0)
#1 E:\CODING-WORK\peminjaman_alat\system\Database\BaseConnection.php(670): CodeIgniter\Database\MySQLi\Connection->execute('SELECT `ph`.*, ...')
#2 E:\CODING-WORK\peminjaman_alat\system\Database\BaseConnection.php(598): CodeIgniter\Database\BaseConnection->simpleQuery('SELECT `ph`.*, ...')
#3 E:\CODING-WORK\peminjaman_alat\system\Database\BaseBuilder.php(1455): CodeIgniter\Database\BaseConnection->query('SELECT `ph`.*, ...', Array, false)
#4 E:\CODING-WORK\peminjaman_alat\app\Controllers\Admin.php(2463): CodeIgniter\Database\BaseBuilder->get()
#5 E:\CODING-WORK\peminjaman_alat\system\CodeIgniter.php(832): App\Controllers\Admin->detailPeminjaman('1')
#6 E:\CODING-WORK\peminjaman_alat\system\CodeIgniter.php(419): CodeIgniter\CodeIgniter->runController(Object(App\Controllers\Admin))
#7 E:\CODING-WORK\peminjaman_alat\system\CodeIgniter.php(326): CodeIgniter\CodeIgniter->handleRequest(NULL, Object(Config\Cache), false)
#8 E:\CODING-WORK\peminjaman_alat\public\index.php(37): CodeIgniter\CodeIgniter->run()
#9 E:\CODING-WORK\peminjaman_alat\system\Commands\Server\rewrite.php(43): require_once('E:\\CODING-WORK\\...')
#10 {main}
CRITICAL - 2025-09-20 19:51:23 --> Undefined variable $detail
#0 E:\CODING-WORK\peminjaman_alat\app\Views\Admin\Peminjaman\Detail.php(25): CodeIgniter\Debug\Exceptions->errorHandler(2, 'Undefined varia...', 'E:\\CODING-WORK\\...', 25)
#1 E:\CODING-WORK\peminjaman_alat\system\View\View.php(210): include('E:\\CODING-WORK\\...')
#2 E:\CODING-WORK\peminjaman_alat\system\View\View.php(213): CodeIgniter\View\View->CodeIgniter\View\{closure}()
#3 E:\CODING-WORK\peminjaman_alat\system\Common.php(1089): CodeIgniter\View\View->render('Admin/Peminjama...', Array, true)
#4 E:\CODING-WORK\peminjaman_alat\app\Controllers\Admin.php(2495): view('Admin/Peminjama...', Array)
#5 E:\CODING-WORK\peminjaman_alat\system\CodeIgniter.php(832): App\Controllers\Admin->detailPeminjaman('1')
#6 E:\CODING-WORK\peminjaman_alat\system\CodeIgniter.php(419): CodeIgniter\CodeIgniter->runController(Object(App\Controllers\Admin))
#7 E:\CODING-WORK\peminjaman_alat\system\CodeIgniter.php(326): CodeIgniter\CodeIgniter->handleRequest(NULL, Object(Config\Cache), false)
#8 E:\CODING-WORK\peminjaman_alat\public\index.php(37): CodeIgniter\CodeIgniter->run()
#9 E:\CODING-WORK\peminjaman_alat\system\Commands\Server\rewrite.php(43): require_once('E:\\CODING-WORK\\...')
#10 {main}
CRITICAL - 2025-09-20 19:51:51 --> Undefined variable $title
#0 E:\CODING-WORK\peminjaman_alat\app\Views\Admin\Templates\Index.php(12): CodeIgniter\Debug\Exceptions->errorHandler(2, 'Undefined varia...', 'E:\\CODING-WORK\\...', 12)
#1 E:\CODING-WORK\peminjaman_alat\system\View\View.php(210): include('E:\\CODING-WORK\\...')
#2 E:\CODING-WORK\peminjaman_alat\system\View\View.php(213): CodeIgniter\View\View->CodeIgniter\View\{closure}()
#3 E:\CODING-WORK\peminjaman_alat\system\View\View.php(226): CodeIgniter\View\View->render('admin/templates...', Array, true)
#4 E:\CODING-WORK\peminjaman_alat\system\Common.php(1089): CodeIgniter\View\View->render('Admin/Peminjama...', Array, true)
#5 E:\CODING-WORK\peminjaman_alat\app\Controllers\Admin.php(2495): view('Admin/Peminjama...', Array)
#6 E:\CODING-WORK\peminjaman_alat\system\CodeIgniter.php(832): App\Controllers\Admin->detailPeminjaman('1')
#7 E:\CODING-WORK\peminjaman_alat\system\CodeIgniter.php(419): CodeIgniter\CodeIgniter->runController(Object(App\Controllers\Admin))
#8 E:\CODING-WORK\peminjaman_alat\system\CodeIgniter.php(326): CodeIgniter\CodeIgniter->handleRequest(NULL, Object(Config\Cache), false)
#9 E:\CODING-WORK\peminjaman_alat\public\index.php(37): CodeIgniter\CodeIgniter->run()
#10 E:\CODING-WORK\peminjaman_alat\system\Commands\Server\rewrite.php(43): require_once('E:\\CODING-WORK\\...')
#11 {main}
CRITICAL - 2025-09-20 20:00:33 --> Undefined array key "id"
#0 E:\CODING-WORK\peminjaman_alat\app\Views\Admin\Peminjaman\Detail.php(207): CodeIgniter\Debug\Exceptions->errorHandler(2, 'Undefined array...', 'E:\\CODING-WORK\\...', 207)
#1 E:\CODING-WORK\peminjaman_alat\system\View\View.php(210): include('E:\\CODING-WORK\\...')
#2 E:\CODING-WORK\peminjaman_alat\system\View\View.php(213): CodeIgniter\View\View->CodeIgniter\View\{closure}()
#3 E:\CODING-WORK\peminjaman_alat\system\Common.php(1089): CodeIgniter\View\View->render('Admin/Peminjama...', Array, true)
#4 E:\CODING-WORK\peminjaman_alat\app\Controllers\Admin.php(2500): view('Admin/Peminjama...', Array)
#5 E:\CODING-WORK\peminjaman_alat\system\CodeIgniter.php(832): App\Controllers\Admin->detailPeminjaman('1')
#6 E:\CODING-WORK\peminjaman_alat\system\CodeIgniter.php(419): CodeIgniter\CodeIgniter->runController(Object(App\Controllers\Admin))
#7 E:\CODING-WORK\peminjaman_alat\system\CodeIgniter.php(326): CodeIgniter\CodeIgniter->handleRequest(NULL, Object(Config\Cache), false)
#8 E:\CODING-WORK\peminjaman_alat\public\index.php(37): CodeIgniter\CodeIgniter->run()
#9 E:\CODING-WORK\peminjaman_alat\system\Commands\Server\rewrite.php(43): require_once('E:\\CODING-WORK\\...')
#10 {main}
CRITICAL - 2025-09-20 20:00:46 --> Undefined array key "id"
#0 E:\CODING-WORK\peminjaman_alat\app\Views\Admin\Peminjaman\Detail.php(207): CodeIgniter\Debug\Exceptions->errorHandler(2, 'Undefined array...', 'E:\\CODING-WORK\\...', 207)
#1 E:\CODING-WORK\peminjaman_alat\system\View\View.php(210): include('E:\\CODING-WORK\\...')
#2 E:\CODING-WORK\peminjaman_alat\system\View\View.php(213): CodeIgniter\View\View->CodeIgniter\View\{closure}()
#3 E:\CODING-WORK\peminjaman_alat\system\Common.php(1089): CodeIgniter\View\View->render('Admin/Peminjama...', Array, true)
#4 E:\CODING-WORK\peminjaman_alat\app\Controllers\Admin.php(2500): view('Admin/Peminjama...', Array)
#5 E:\CODING-WORK\peminjaman_alat\system\CodeIgniter.php(832): App\Controllers\Admin->detailPeminjaman('1')
#6 E:\CODING-WORK\peminjaman_alat\system\CodeIgniter.php(419): CodeIgniter\CodeIgniter->runController(Object(App\Controllers\Admin))
#7 E:\CODING-WORK\peminjaman_alat\system\CodeIgniter.php(326): CodeIgniter\CodeIgniter->handleRequest(NULL, Object(Config\Cache), false)
#8 E:\CODING-WORK\peminjaman_alat\public\index.php(37): CodeIgniter\CodeIgniter->run()
#9 E:\CODING-WORK\peminjaman_alat\system\Commands\Server\rewrite.php(43): require_once('E:\\CODING-WORK\\...')
#10 {main}
ERROR - 2025-09-20 20:02:22 --> Table 'peminjaman-alat-tkj.merk_kategori_barang' doesn't exist
CRITICAL - 2025-09-20 20:02:22 --> Table 'peminjaman-alat-tkj.merk_kategori_barang' doesn't exist
#0 E:\CODING-WORK\peminjaman_alat\system\Database\MySQLi\Connection.php(292): mysqli->query('SELECT `merk_ba...', 0)
#1 E:\CODING-WORK\peminjaman_alat\system\Database\BaseConnection.php(670): CodeIgniter\Database\MySQLi\Connection->execute('SELECT `merk_ba...')
#2 E:\CODING-WORK\peminjaman_alat\system\Database\BaseConnection.php(598): CodeIgniter\Database\BaseConnection->simpleQuery('SELECT `merk_ba...')
#3 E:\CODING-WORK\peminjaman_alat\system\Database\BaseBuilder.php(1455): CodeIgniter\Database\BaseConnection->query('SELECT `merk_ba...', Array, false)
#4 E:\CODING-WORK\peminjaman_alat\system\Model.php(183): CodeIgniter\Database\BaseBuilder->get()
#5 E:\CODING-WORK\peminjaman_alat\system\BaseModel.php(584): CodeIgniter\Model->doFindAll(0, 0)
#6 E:\CODING-WORK\peminjaman_alat\app\Controllers\Admin.php(349): CodeIgniter\BaseModel->findAll()
#7 E:\CODING-WORK\peminjaman_alat\system\CodeIgniter.php(832): App\Controllers\Admin->getMerkByKategori('1')
#8 E:\CODING-WORK\peminjaman_alat\system\CodeIgniter.php(419): CodeIgniter\CodeIgniter->runController(Object(App\Controllers\Admin))
#9 E:\CODING-WORK\peminjaman_alat\system\CodeIgniter.php(326): CodeIgniter\CodeIgniter->handleRequest(NULL, Object(Config\Cache), false)
#10 E:\CODING-WORK\peminjaman_alat\public\index.php(37): CodeIgniter\CodeIgniter->run()
#11 E:\CODING-WORK\peminjaman_alat\system\Commands\Server\rewrite.php(43): require_once('E:\\CODING-WORK\\...')
#12 {main}
CRITICAL - 2025-09-20 20:02:53 --> Undefined variable $barangs
#0 E:\CODING-WORK\peminjaman_alat\app\Views\Admin\Inventaris\Tambah_barang.php(103): CodeIgniter\Debug\Exceptions->errorHandler(2, 'Undefined varia...', 'E:\\CODING-WORK\\...', 103)
#1 E:\CODING-WORK\peminjaman_alat\system\View\View.php(210): include('E:\\CODING-WORK\\...')
#2 E:\CODING-WORK\peminjaman_alat\system\View\View.php(213): CodeIgniter\View\View->CodeIgniter\View\{closure}()
#3 E:\CODING-WORK\peminjaman_alat\system\Common.php(1089): CodeIgniter\View\View->render('Admin/Inventari...', Array, true)
#4 E:\CODING-WORK\peminjaman_alat\app\Controllers\Admin.php(706): view('Admin/Inventari...', Array)
#5 E:\CODING-WORK\peminjaman_alat\system\CodeIgniter.php(832): App\Controllers\Admin->tambah_inv()
#6 E:\CODING-WORK\peminjaman_alat\system\CodeIgniter.php(419): CodeIgniter\CodeIgniter->runController(Object(App\Controllers\Admin))
#7 E:\CODING-WORK\peminjaman_alat\system\CodeIgniter.php(326): CodeIgniter\CodeIgniter->handleRequest(NULL, Object(Config\Cache), false)
#8 E:\CODING-WORK\peminjaman_alat\public\index.php(37): CodeIgniter\CodeIgniter->run()
#9 E:\CODING-WORK\peminjaman_alat\system\Commands\Server\rewrite.php(43): require_once('E:\\CODING-WORK\\...')
#10 {main}
CRITICAL - 2025-09-20 20:04:46 --> Undefined array key "kondisi"
#0 E:\CODING-WORK\peminjaman_alat\app\Views\Admin\Inventaris\Tambah_barang.php(108): CodeIgniter\Debug\Exceptions->errorHandler(2, 'Undefined array...', 'E:\\CODING-WORK\\...', 108)
#1 E:\CODING-WORK\peminjaman_alat\system\View\View.php(210): include('E:\\CODING-WORK\\...')
#2 E:\CODING-WORK\peminjaman_alat\system\View\View.php(213): CodeIgniter\View\View->CodeIgniter\View\{closure}()
#3 E:\CODING-WORK\peminjaman_alat\system\Common.php(1089): CodeIgniter\View\View->render('Admin/Inventari...', Array, true)
#4 E:\CODING-WORK\peminjaman_alat\app\Controllers\Admin.php(706): view('Admin/Inventari...', Array)
#5 E:\CODING-WORK\peminjaman_alat\system\CodeIgniter.php(832): App\Controllers\Admin->tambah_inv()
#6 E:\CODING-WORK\peminjaman_alat\system\CodeIgniter.php(419): CodeIgniter\CodeIgniter->runController(Object(App\Controllers\Admin))
#7 E:\CODING-WORK\peminjaman_alat\system\CodeIgniter.php(326): CodeIgniter\CodeIgniter->handleRequest(NULL, Object(Config\Cache), false)
#8 E:\CODING-WORK\peminjaman_alat\public\index.php(37): CodeIgniter\CodeIgniter->run()
#9 E:\CODING-WORK\peminjaman_alat\system\Commands\Server\rewrite.php(43): require_once('E:\\CODING-WORK\\...')
#10 {main}
CRITICAL - 2025-09-20 20:04:55 --> Undefined variable $barangs
#0 E:\CODING-WORK\peminjaman_alat\app\Views\Admin\Inventaris\Tambah_barang.php(103): CodeIgniter\Debug\Exceptions->errorHandler(2, 'Undefined varia...', 'E:\\CODING-WORK\\...', 103)
#1 E:\CODING-WORK\peminjaman_alat\system\View\View.php(210): include('E:\\CODING-WORK\\...')
#2 E:\CODING-WORK\peminjaman_alat\system\View\View.php(213): CodeIgniter\View\View->CodeIgniter\View\{closure}()
#3 E:\CODING-WORK\peminjaman_alat\system\Common.php(1089): CodeIgniter\View\View->render('Admin/Inventari...', Array, true)
#4 E:\CODING-WORK\peminjaman_alat\app\Controllers\Admin.php(706): view('Admin/Inventari...', Array)
#5 E:\CODING-WORK\peminjaman_alat\system\CodeIgniter.php(832): App\Controllers\Admin->tambah_inv()
#6 E:\CODING-WORK\peminjaman_alat\system\CodeIgniter.php(419): CodeIgniter\CodeIgniter->runController(Object(App\Controllers\Admin))
#7 E:\CODING-WORK\peminjaman_alat\system\CodeIgniter.php(326): CodeIgniter\CodeIgniter->handleRequest(NULL, Object(Config\Cache), false)
#8 E:\CODING-WORK\peminjaman_alat\public\index.php(37): CodeIgniter\CodeIgniter->run()
#9 E:\CODING-WORK\peminjaman_alat\system\Commands\Server\rewrite.php(43): require_once('E:\\CODING-WORK\\...')
#10 {main}
