ERROR - 2025-09-06 19:03:54 --> Error connecting to the database: No connection could be made because the target machine actively refused it
CRITICAL - 2025-09-06 19:03:54 --> Unable to connect to the database.
Main connection [MySQLi]: No connection could be made because the target machine actively refused it
#0 E:\CODING-WORK\peminjaman_alat\system\Database\BaseConnection.php(577): CodeIgniter\Database\BaseConnection->initialize()
#1 E:\CODING-WORK\peminjaman_alat\system\Database\BaseBuilder.php(1455): CodeIgniter\Database\BaseConnection->query('SELECT *\nFROM `...', Array, false)
#2 E:\CODING-WORK\peminjaman_alat\system\Model.php(210): CodeIgniter\Database\BaseBuilder->get()
#3 E:\CODING-WORK\peminjaman_alat\system\BaseModel.php(622): CodeIgniter\Model->doFirst()
#4 E:\CODING-WORK\peminjaman_alat\vendor\myth\auth\src\Authentication\LocalAuthenticator.php(140): CodeIgniter\BaseModel->first()
#5 E:\CODING-WORK\peminjaman_alat\vendor\myth\auth\src\Authentication\LocalAuthenticator.php(19): Myth\Auth\Authentication\LocalAuthenticator->validate(Array, true)
#6 E:\CODING-WORK\peminjaman_alat\vendor\myth\auth\src\Controllers\AuthController.php(87): Myth\Auth\Authentication\LocalAuthenticator->attempt(Array, false)
#7 E:\CODING-WORK\peminjaman_alat\system\CodeIgniter.php(832): Myth\Auth\Controllers\AuthController->attemptLogin()
#8 E:\CODING-WORK\peminjaman_alat\system\CodeIgniter.php(419): CodeIgniter\CodeIgniter->runController(Object(Myth\Auth\Controllers\AuthController))
#9 E:\CODING-WORK\peminjaman_alat\system\CodeIgniter.php(326): CodeIgniter\CodeIgniter->handleRequest(NULL, Object(Config\Cache), false)
#10 E:\CODING-WORK\peminjaman_alat\public\index.php(37): CodeIgniter\CodeIgniter->run()
#11 E:\CODING-WORK\peminjaman_alat\system\Commands\Server\rewrite.php(43): require_once('E:\\CODING-WORK\\...')
#12 {main}
ERROR - 2025-09-06 19:20:01 --> Unknown column 'master_barang.merk' in 'field list'
CRITICAL - 2025-09-06 19:20:01 --> Unknown column 'master_barang.merk' in 'field list'
#0 E:\CODING-WORK\peminjaman_alat\system\Database\MySQLi\Connection.php(292): mysqli->query('SELECT `ruangan...', 0)
#1 E:\CODING-WORK\peminjaman_alat\system\Database\BaseConnection.php(670): CodeIgniter\Database\MySQLi\Connection->execute('SELECT `ruangan...')
#2 E:\CODING-WORK\peminjaman_alat\system\Database\BaseConnection.php(598): CodeIgniter\Database\BaseConnection->simpleQuery('SELECT `ruangan...')
#3 E:\CODING-WORK\peminjaman_alat\system\Database\BaseBuilder.php(1455): CodeIgniter\Database\BaseConnection->query('SELECT `ruangan...', Array, false)
#4 E:\CODING-WORK\peminjaman_alat\system\Model.php(183): CodeIgniter\Database\BaseBuilder->get()
#5 E:\CODING-WORK\peminjaman_alat\system\BaseModel.php(584): CodeIgniter\Model->doFindAll(0, 0)
#6 E:\CODING-WORK\peminjaman_alat\app\Controllers\Admin.php(505): CodeIgniter\BaseModel->findAll()
#7 E:\CODING-WORK\peminjaman_alat\system\CodeIgniter.php(832): App\Controllers\Admin->adm_inventaris()
#8 E:\CODING-WORK\peminjaman_alat\system\CodeIgniter.php(419): CodeIgniter\CodeIgniter->runController(Object(App\Controllers\Admin))
#9 E:\CODING-WORK\peminjaman_alat\system\CodeIgniter.php(326): CodeIgniter\CodeIgniter->handleRequest(NULL, Object(Config\Cache), false)
#10 E:\CODING-WORK\peminjaman_alat\public\index.php(37): CodeIgniter\CodeIgniter->run()
#11 E:\CODING-WORK\peminjaman_alat\system\Commands\Server\rewrite.php(43): require_once('E:\\CODING-WORK\\...')
#12 {main}
ERROR - 2025-09-06 19:30:58 --> Table 'peminjaman-alat-tkj.permintaan_barang' doesn't exist
CRITICAL - 2025-09-06 19:30:58 --> Table 'peminjaman-alat-tkj.permintaan_barang' doesn't exist
#0 E:\CODING-WORK\peminjaman_alat\system\Database\MySQLi\Connection.php(292): mysqli->query('SELECT *\nFROM `...', 0)
#1 E:\CODING-WORK\peminjaman_alat\system\Database\BaseConnection.php(670): CodeIgniter\Database\MySQLi\Connection->execute('SELECT *\nFROM `...')
#2 E:\CODING-WORK\peminjaman_alat\system\Database\BaseConnection.php(598): CodeIgniter\Database\BaseConnection->simpleQuery('SELECT *\nFROM `...')
#3 E:\CODING-WORK\peminjaman_alat\system\Database\BaseBuilder.php(1455): CodeIgniter\Database\BaseConnection->query('SELECT *\nFROM `...', Array, false)
#4 E:\CODING-WORK\peminjaman_alat\app\Controllers\Admin.php(165): CodeIgniter\Database\BaseBuilder->get()
#5 E:\CODING-WORK\peminjaman_alat\system\CodeIgniter.php(832): App\Controllers\Admin->profil()
#6 E:\CODING-WORK\peminjaman_alat\system\CodeIgniter.php(419): CodeIgniter\CodeIgniter->runController(Object(App\Controllers\Admin))
#7 E:\CODING-WORK\peminjaman_alat\system\CodeIgniter.php(326): CodeIgniter\CodeIgniter->handleRequest(NULL, Object(Config\Cache), false)
#8 E:\CODING-WORK\peminjaman_alat\public\index.php(37): CodeIgniter\CodeIgniter->run()
#9 E:\CODING-WORK\peminjaman_alat\system\Commands\Server\rewrite.php(43): require_once('E:\\CODING-WORK\\...')
#10 {main}
